[35m[1mConsolidate compiler generated dependencies of target ros2_orb_slam3__rosidl_generator_c[0m
[  1%] Built target ros2_orb_slam3__cpp
[  1%] Built target ament_cmake_python_copy_ros2_orb_slam3
[  6%] Built target ros2_orb_slam3__rosidl_generator_c
[35m[1mConsolidate compiler generated dependencies of target ros2_orb_slam3__rosidl_typesupport_introspection_cpp[0m
[35m[1mConsolidate compiler generated dependencies of target ros2_orb_slam3__rosidl_typesupport_cpp[0m
[35m[1mConsolidate compiler generated dependencies of target orb_slam3_lib[0m
[35m[1mConsolidate compiler generated dependencies of target ros2_orb_slam3__rosidl_typesupport_fastrtps_cpp[0m
[35m[1mConsolidate compiler generated dependencies of target ros2_orb_slam3__rosidl_typesupport_fastrtps_c[0m
[35m[1mConsolidate compiler generated dependencies of target ros2_orb_slam3__rosidl_typesupport_c[0m
[35m[1mConsolidate compiler generated dependencies of target ros2_orb_slam3__rosidl_typesupport_introspection_c[0m
[ 11%] Built target ros2_orb_slam3__rosidl_typesupport_cpp
[ 20%] Built target ros2_orb_slam3__rosidl_typesupport_introspection_cpp
[ 20%] Built target ros2_orb_slam3__rosidl_typesupport_fastrtps_cpp
[ 25%] Built target ros2_orb_slam3__rosidl_typesupport_c
[ 30%] Built target ros2_orb_slam3__rosidl_typesupport_fastrtps_c
[ 34%] Built target ros2_orb_slam3__rosidl_typesupport_introspection_c
[ 34%] Built target ros2_orb_slam3
[ 36%] Built target ros2_orb_slam3__py
[35m[1mConsolidate compiler generated dependencies of target ros2_orb_slam3__rosidl_generator_py[0m
[ 39%] Built target ros2_orb_slam3__rosidl_generator_py
[35m[1mConsolidate compiler generated dependencies of target ros2_orb_slam3__rosidl_typesupport_introspection_c__pyext[0m
[35m[1mConsolidate compiler generated dependencies of target ros2_orb_slam3__rosidl_typesupport_fastrtps_c__pyext[0m
[35m[1mConsolidate compiler generated dependencies of target ros2_orb_slam3__rosidl_typesupport_c__pyext[0m
[ 42%] Built target ros2_orb_slam3__rosidl_typesupport_introspection_c__pyext
[ 49%] Built target ros2_orb_slam3__rosidl_typesupport_c__pyext
[ 49%] Built target ros2_orb_slam3__rosidl_typesupport_fastrtps_c__pyext
[ 95%] Built target orb_slam3_lib
[35m[1mConsolidate compiler generated dependencies of target mono_node_cpp[0m
running egg_info
writing ros2_orb_slam3.egg-info/PKG-INFO
writing dependency_links to ros2_orb_slam3.egg-info/dependency_links.txt
writing top-level names to ros2_orb_slam3.egg-info/top_level.txt
reading manifest file 'ros2_orb_slam3.egg-info/SOURCES.txt'
writing manifest file 'ros2_orb_slam3.egg-info/SOURCES.txt'
[ 95%] Built target ament_cmake_python_build_ros2_orb_slam3_egg
[ 96%] [32mBuilding CXX object CMakeFiles/mono_node_cpp.dir/src/mono_example.cpp.o[0m
[ 98%] [32mBuilding CXX object CMakeFiles/mono_node_cpp.dir/src/common.cpp.o[0m
