[  4%] Built target ros2_orb_slam3__rosidl_generator_c
[  6%] Built target ros2_orb_slam3__cpp
[  6%] Built target ament_cmake_python_copy_ros2_orb_slam3
[ 11%] Built target ros2_orb_slam3__rosidl_typesupport_cpp
[ 17%] Built target ros2_orb_slam3__rosidl_typesupport_introspection_c
[ 20%] Built target ros2_orb_slam3__rosidl_typesupport_c
[ 25%] Built target ros2_orb_slam3__rosidl_typesupport_fastrtps_c
[ 34%] Built target ros2_orb_slam3__rosidl_typesupport_introspection_cpp
[ 34%] Built target ros2_orb_slam3__rosidl_typesupport_fastrtps_cpp
[ 80%] Built target orb_slam3_lib
[ 80%] Built target ros2_orb_slam3
[35m[1mConsolidate compiler generated dependencies of target mono_node_cpp[0m
[ 82%] Built target ros2_orb_slam3__py
[ 85%] Built target ros2_orb_slam3__rosidl_generator_py
[ 87%] [32mBuilding CXX object CMakeFiles/mono_node_cpp.dir/src/common.cpp.o[0m
[ 88%] [32mBuilding CXX object CMakeFiles/mono_node_cpp.dir/src/mono_example.cpp.o[0m
[ 95%] Built target ros2_orb_slam3__rosidl_typesupport_introspection_c__pyext
[ 95%] Built target ros2_orb_slam3__rosidl_typesupport_fastrtps_c__pyext
[ 98%] Built target ros2_orb_slam3__rosidl_typesupport_c__pyext
running egg_info
writing ros2_orb_slam3.egg-info/PKG-INFO
writing dependency_links to ros2_orb_slam3.egg-info/dependency_links.txt
writing top-level names to ros2_orb_slam3.egg-info/top_level.txt
reading manifest file 'ros2_orb_slam3.egg-info/SOURCES.txt'
writing manifest file 'ros2_orb_slam3.egg-info/SOURCES.txt'
[ 98%] Built target ament_cmake_python_build_ros2_orb_slam3_egg
