[0.270s] Invoking command in '/home/jk/ros2_test/src/gaussian_splatting_ros': PYTHONPATH=/home/jk/ros2_test/src/build/gaussian_splatting_ros/prefix_override:/usr/lib/python3/dist-packages/colcon_core/task/python/colcon_distutils_commands:/home/jk/ros2_test/src/install/gaussian_splatting_ros/lib/python3.10/site-packages:${PYTHONPATH} /usr/bin/python3 -W ignore:setup.py install is deprecated -W ignore:easy_install command is deprecated setup.py egg_info --egg-base ../build/gaussian_splatting_ros build --build-base /home/jk/ros2_test/src/build/gaussian_splatting_ros/build install --record /home/jk/ros2_test/src/build/gaussian_splatting_ros/install.log --single-version-externally-managed install_data
[0.370s] running egg_info
[0.370s] writing ../build/gaussian_splatting_ros/gaussian_splatting_ros.egg-info/PKG-INFO
[0.370s] writing dependency_links to ../build/gaussian_splatting_ros/gaussian_splatting_ros.egg-info/dependency_links.txt
[0.370s] writing entry points to ../build/gaussian_splatting_ros/gaussian_splatting_ros.egg-info/entry_points.txt
[0.370s] writing requirements to ../build/gaussian_splatting_ros/gaussian_splatting_ros.egg-info/requires.txt
[0.370s] writing top-level names to ../build/gaussian_splatting_ros/gaussian_splatting_ros.egg-info/top_level.txt
[0.371s] reading manifest file '../build/gaussian_splatting_ros/gaussian_splatting_ros.egg-info/SOURCES.txt'
[0.372s] writing manifest file '../build/gaussian_splatting_ros/gaussian_splatting_ros.egg-info/SOURCES.txt'
[0.372s] running build
[0.372s] running build_py
[0.372s] copying gaussian_splatting_ros/__init__.py -> /home/jk/ros2_test/src/build/gaussian_splatting_ros/build/lib/gaussian_splatting_ros
[0.372s] copying gaussian_splatting_ros/gs_launcher_node.py -> /home/jk/ros2_test/src/build/gaussian_splatting_ros/build/lib/gaussian_splatting_ros
[0.372s] running install
[0.372s] running install_lib
[0.373s] copying /home/jk/ros2_test/src/build/gaussian_splatting_ros/build/lib/gaussian_splatting_ros/__init__.py -> /home/jk/ros2_test/src/install/gaussian_splatting_ros/lib/python3.10/site-packages/gaussian_splatting_ros
[0.373s] copying /home/jk/ros2_test/src/build/gaussian_splatting_ros/build/lib/gaussian_splatting_ros/gs_launcher_node.py -> /home/jk/ros2_test/src/install/gaussian_splatting_ros/lib/python3.10/site-packages/gaussian_splatting_ros
[0.373s] byte-compiling /home/jk/ros2_test/src/install/gaussian_splatting_ros/lib/python3.10/site-packages/gaussian_splatting_ros/__init__.py to __init__.cpython-310.pyc
[0.373s] byte-compiling /home/jk/ros2_test/src/install/gaussian_splatting_ros/lib/python3.10/site-packages/gaussian_splatting_ros/gs_launcher_node.py to gs_launcher_node.cpython-310.pyc
[0.373s] running install_data
[0.373s] copying resource/gaussian_splatting_ros -> /home/jk/ros2_test/src/install/gaussian_splatting_ros/share/ament_index/resource_index/packages
[0.373s] copying package.xml -> /home/jk/ros2_test/src/install/gaussian_splatting_ros/share/gaussian_splatting_ros
[0.373s] running install_egg_info
[0.374s] removing '/home/jk/ros2_test/src/install/gaussian_splatting_ros/lib/python3.10/site-packages/gaussian_splatting_ros-0.1.0-py3.10.egg-info' (and everything under it)
[0.374s] Copying ../build/gaussian_splatting_ros/gaussian_splatting_ros.egg-info to /home/jk/ros2_test/src/install/gaussian_splatting_ros/lib/python3.10/site-packages/gaussian_splatting_ros-0.1.0-py3.10.egg-info
[0.375s] running install_scripts
[0.384s] Installing gs_launcher_node script to /home/jk/ros2_test/src/install/gaussian_splatting_ros/lib/gaussian_splatting_ros
[0.384s] writing list of installed files to '/home/jk/ros2_test/src/build/gaussian_splatting_ros/install.log'
[0.393s] Invoked command in '/home/jk/ros2_test/src/gaussian_splatting_ros' returned '0': PYTHONPATH=/home/jk/ros2_test/src/build/gaussian_splatting_ros/prefix_override:/usr/lib/python3/dist-packages/colcon_core/task/python/colcon_distutils_commands:/home/jk/ros2_test/src/install/gaussian_splatting_ros/lib/python3.10/site-packages:${PYTHONPATH} /usr/bin/python3 -W ignore:setup.py install is deprecated -W ignore:easy_install command is deprecated setup.py egg_info --egg-base ../build/gaussian_splatting_ros build --build-base /home/jk/ros2_test/src/build/gaussian_splatting_ros/build install --record /home/jk/ros2_test/src/build/gaussian_splatting_ros/install.log --single-version-externally-managed install_data
