-- Found rosidl_default_generators: 1.2.0 (/opt/ros/humble/share/rosidl_default_generators/cmake)
-- Found ament_cmake_core: 1.3.11 (/opt/ros/humble/share/ament_cmake_core/cmake)
-- Using all available rosidl_typesupport_c: rosidl_typesupport_fastrtps_c;rosidl_typesupport_introspection_c
-- Found rosidl_adapter: 3.1.6 (/opt/ros/humble/share/rosidl_adapter/cmake)
-- Using all available rosidl_typesupport_cpp: rosidl_typesupport_fastrtps_cpp;rosidl_typesupport_introspection_cpp
-- Found rclcpp: 16.0.11 (/opt/ros/humble/share/rclcpp/cmake)
-- Found rmw_implementation_cmake: 6.1.2 (/opt/ros/humble/share/rmw_implementation_cmake/cmake)
-- Found rmw_fastrtps_cpp: 6.2.7 (/opt/ros/humble/share/rmw_fastrtps_cpp/cmake)
-- Using RMW implementation 'rmw_fastrtps_cpp' as default
-- Found rclpy: 3.3.15 (/opt/ros/humble/share/rclpy/cmake)
-- Found sensor_msgs: 4.2.4 (/opt/ros/humble/share/sensor_msgs/cmake)
-- Found cv_bridge: 3.2.1 (/opt/ros/humble/share/cv_bridge/cmake)
-- Found image_transport: 3.1.10 (/opt/ros/humble/share/image_transport/cmake)
-- Found ament_cmake_ros: 0.10.0 (/opt/ros/humble/share/ament_cmake_ros/cmake)
-- Using all available rosidl_typesupport_c: rosidl_typesupport_fastrtps_c;rosidl_typesupport_introspection_c
-- Using all available rosidl_typesupport_cpp: rosidl_typesupport_fastrtps_cpp;rosidl_typesupport_introspection_cpp
-- Found python_cmake_module: 0.10.0 (/opt/ros/humble/share/python_cmake_module/cmake)
-- Using PYTHON_EXECUTABLE: /usr/bin/python3
-- Using PYTHON_INCLUDE_DIRS: /usr/include/python3.10
-- Using PYTHON_LIBRARIES: /usr/lib/x86_64-linux-gnu/libpython3.10.so
-- Configuring done
-- Generating done
-- Build files have been written to: /home/jk/ros2_test/src/build/ros2_orb_slam3
[35m[1mConsolidate compiler generated dependencies of target ros2_orb_slam3__rosidl_generator_c[0m
[  1%] Built target ros2_orb_slam3__cpp
[  5%] Built target ros2_orb_slam3__rosidl_generator_c
[  5%] Built target ament_cmake_python_copy_ros2_orb_slam3
[35m[1mConsolidate compiler generated dependencies of target ros2_orb_slam3__rosidl_typesupport_fastrtps_cpp[0m
[35m[1mConsolidate compiler generated dependencies of target ros2_orb_slam3__rosidl_typesupport_cpp[0m
[35m[1mConsolidate compiler generated dependencies of target ros2_orb_slam3__rosidl_typesupport_introspection_cpp[0m
[35m[1mConsolidate compiler generated dependencies of target orb_slam3_lib[0m
[35m[1mConsolidate compiler generated dependencies of target ros2_orb_slam3__rosidl_typesupport_c[0m
[35m[1mConsolidate compiler generated dependencies of target ros2_orb_slam3__rosidl_typesupport_fastrtps_c[0m
[35m[1mConsolidate compiler generated dependencies of target ros2_orb_slam3__rosidl_typesupport_introspection_c[0m
[  7%] [32mBuilding CXX object CMakeFiles/ros2_orb_slam3__rosidl_typesupport_fastrtps_cpp.dir/rosidl_typesupport_fastrtps_cpp/ros2_orb_slam3/msg/detail/dds_fastrtps/stereoimage__type_support.cpp.o[0m
[ 11%] Built target ros2_orb_slam3__rosidl_typesupport_c
[ 13%] [32mBuilding CXX object CMakeFiles/ros2_orb_slam3__rosidl_typesupport_cpp.dir/rosidl_typesupport_cpp/ros2_orb_slam3/msg/stereoimage__type_support.cpp.o[0m
[ 14%] [32mBuilding CXX object CMakeFiles/ros2_orb_slam3__rosidl_typesupport_introspection_cpp.dir/rosidl_typesupport_introspection_cpp/ros2_orb_slam3/msg/detail/stereoimage__type_support.cpp.o[0m
[ 19%] Built target ros2_orb_slam3__rosidl_typesupport_introspection_c
[ 20%] [32mBuilding CXX object CMakeFiles/ros2_orb_slam3__rosidl_typesupport_fastrtps_c.dir/rosidl_typesupport_fastrtps_c/ros2_orb_slam3/msg/detail/stereoimage__type_support_c.cpp.o[0m
[ 23%] [32mBuilding CXX object CMakeFiles/orb_slam3_lib.dir/orb_slam3/src/System.cc.o[0m
[ 23%] [32mBuilding CXX object CMakeFiles/orb_slam3_lib.dir/orb_slam3/src/Tracking.cc.o[0m
[ 25%] [32mBuilding CXX object CMakeFiles/orb_slam3_lib.dir/orb_slam3/src/LoopClosing.cc.o[0m
[ 26%] [32mBuilding CXX object CMakeFiles/orb_slam3_lib.dir/orb_slam3/src/LocalMapping.cc.o[0m
[ 27%] [32mBuilding CXX object CMakeFiles/orb_slam3_lib.dir/orb_slam3/src/ORBextractor.cc.o[0m
[ 29%] [32mBuilding CXX object CMakeFiles/orb_slam3_lib.dir/orb_slam3/src/ORBmatcher.cc.o[0m
[ 30%] [32mBuilding CXX object CMakeFiles/orb_slam3_lib.dir/orb_slam3/src/FrameDrawer.cc.o[0m
[ 32%] [32mBuilding CXX object CMakeFiles/orb_slam3_lib.dir/orb_slam3/src/Converter.cc.o[0m
[ 33%] [32mBuilding CXX object CMakeFiles/orb_slam3_lib.dir/orb_slam3/src/MapPoint.cc.o[0m
[ 35%] [32mBuilding CXX object CMakeFiles/orb_slam3_lib.dir/orb_slam3/src/KeyFrame.cc.o[0m
[ 36%] [32mBuilding CXX object CMakeFiles/orb_slam3_lib.dir/orb_slam3/src/Map.cc.o[0m
[ 38%] [32mBuilding CXX object CMakeFiles/orb_slam3_lib.dir/orb_slam3/src/Atlas.cc.o[0m
[ 39%] [32mBuilding CXX object CMakeFiles/orb_slam3_lib.dir/orb_slam3/src/MapDrawer.cc.o[0m
[ 41%] [32mBuilding CXX object CMakeFiles/orb_slam3_lib.dir/orb_slam3/src/Optimizer.cc.o[0m
[ 44%] [32mBuilding CXX object CMakeFiles/orb_slam3_lib.dir/orb_slam3/src/KeyFrameDatabase.cc.o[0m
[ 44%] [32mBuilding CXX object CMakeFiles/orb_slam3_lib.dir/orb_slam3/src/Frame.cc.o[0m
[ 45%] [32mBuilding CXX object CMakeFiles/orb_slam3_lib.dir/orb_slam3/src/Sim3Solver.cc.o[0m
[ 47%] [32mBuilding CXX object CMakeFiles/orb_slam3_lib.dir/orb_slam3/src/Viewer.cc.o[0m
[ 48%] [32mBuilding CXX object CMakeFiles/orb_slam3_lib.dir/orb_slam3/src/ImuTypes.cc.o[0m
running egg_info
writing ros2_orb_slam3.egg-info/PKG-INFO
writing dependency_links to ros2_orb_slam3.egg-info/dependency_links.txt
writing top-level names to ros2_orb_slam3.egg-info/top_level.txt
reading manifest file 'ros2_orb_slam3.egg-info/SOURCES.txt'
writing manifest file 'ros2_orb_slam3.egg-info/SOURCES.txt'
[ 50%] [32m[1mLinking CXX shared library libros2_orb_slam3__rosidl_typesupport_cpp.so[0m
[ 50%] Built target ament_cmake_python_build_ros2_orb_slam3_egg
[ 51%] [32mBuilding CXX object CMakeFiles/orb_slam3_lib.dir/orb_slam3/src/G2oTypes.cc.o[0m
[ 52%] Built target ros2_orb_slam3__rosidl_typesupport_cpp
[ 54%] [32mBuilding CXX object CMakeFiles/orb_slam3_lib.dir/orb_slam3/src/CameraModels/Pinhole.cpp.o[0m
[ 55%] [32m[1mLinking CXX shared library libros2_orb_slam3__rosidl_typesupport_fastrtps_cpp.so[0m
[ 57%] [32m[1mLinking CXX shared library libros2_orb_slam3__rosidl_typesupport_introspection_cpp.so[0m
[ 58%] [32m[1mLinking CXX shared library libros2_orb_slam3__rosidl_typesupport_fastrtps_c.so[0m
[ 60%] Built target ros2_orb_slam3__rosidl_typesupport_introspection_cpp
[ 61%] Built target ros2_orb_slam3__rosidl_typesupport_fastrtps_cpp
[ 63%] [32mBuilding CXX object CMakeFiles/orb_slam3_lib.dir/orb_slam3/src/CameraModels/KannalaBrandt8.cpp.o[0m
[ 64%] [32mBuilding CXX object CMakeFiles/orb_slam3_lib.dir/orb_slam3/src/OptimizableTypes.cpp.o[0m
[ 66%] Built target ros2_orb_slam3__rosidl_typesupport_fastrtps_c
[ 67%] [32mBuilding CXX object CMakeFiles/orb_slam3_lib.dir/orb_slam3/src/MLPnPsolver.cpp.o[0m
[ 69%] [32mBuilding CXX object CMakeFiles/orb_slam3_lib.dir/orb_slam3/src/GeometricTools.cc.o[0m
[ 69%] Built target ros2_orb_slam3
[ 70%] [32mBuilding CXX object CMakeFiles/orb_slam3_lib.dir/orb_slam3/src/TwoViewReconstruction.cc.o[0m
[ 72%] Built target ros2_orb_slam3__py
[35m[1mConsolidate compiler generated dependencies of target ros2_orb_slam3__rosidl_generator_py[0m
[ 73%] [32mBuilding C object CMakeFiles/ros2_orb_slam3__rosidl_generator_py.dir/rosidl_generator_py/ros2_orb_slam3/msg/_stereoimage_s.c.o[0m
[ 75%] [32mBuilding CXX object CMakeFiles/orb_slam3_lib.dir/orb_slam3/src/Config.cc.o[0m
[ 76%] [32mBuilding CXX object CMakeFiles/orb_slam3_lib.dir/orb_slam3/src/Settings.cc.o[0m
[ 77%] [32m[1mLinking CXX shared library liborb_slam3_lib.so[0m
[ 77%] Built target orb_slam3_lib
