-- The C compiler identification is GNU 11.4.0
-- The CXX compiler identification is GNU 11.4.0
-- Detecting C compiler ABI info
-- Detecting C compiler ABI info - done
-- Check for working C compiler: /usr/bin/cc - skipped
-- Detecting C compile features
-- Detecting C compile features - done
-- Detecting CXX compiler ABI info
-- Detecting CXX compiler ABI info - done
-- Check for working CXX compiler: /usr/bin/c++ - skipped
-- Detecting CXX compile features
-- Detecting CXX compile features - done
-- Found rosidl_default_generators: 1.2.0 (/opt/ros/humble/share/rosidl_default_generators/cmake)
-- Found ament_cmake_core: 1.3.11 (/opt/ros/humble/share/ament_cmake_core/cmake)
-- Found Python3: /usr/bin/python3 (found version "3.10.12") found components: Interpreter 
-- Using all available rosidl_typesupport_c: rosidl_typesupport_fastrtps_c;rosidl_typesupport_introspection_c
-- Found rosidl_adapter: 3.1.6 (/opt/ros/humble/share/rosidl_adapter/cmake)
-- Using all available rosidl_typesupport_cpp: rosidl_typesupport_fastrtps_cpp;rosidl_typesupport_introspection_cpp
-- Found rclcpp: 16.0.11 (/opt/ros/humble/share/rclcpp/cmake)
-- Found rmw_implementation_cmake: 6.1.2 (/opt/ros/humble/share/rmw_implementation_cmake/cmake)
-- Found rmw_fastrtps_cpp: 6.2.7 (/opt/ros/humble/share/rmw_fastrtps_cpp/cmake)
-- Found OpenSSL: /usr/lib/x86_64-linux-gnu/libcrypto.so (found version "3.0.2")  
-- Found FastRTPS: /opt/ros/humble/include  
-- Using RMW implementation 'rmw_fastrtps_cpp' as default
-- Looking for pthread.h
-- Looking for pthread.h - found
-- Performing Test CMAKE_HAVE_LIBC_PTHREAD
-- Performing Test CMAKE_HAVE_LIBC_PTHREAD - Success
-- Found Threads: TRUE  
-- Found rclpy: 3.3.15 (/opt/ros/humble/share/rclpy/cmake)
-- Found sensor_msgs: 4.2.4 (/opt/ros/humble/share/sensor_msgs/cmake)
-- Found cv_bridge: 3.2.1 (/opt/ros/humble/share/cv_bridge/cmake)
-- Found OpenCV: /usr (found suitable version "4.5.4", minimum required is "4.2") 
-- Found OpenGL: /usr/lib/x86_64-linux-gnu/libOpenGL.so  found components: OpenGL 
-- Found image_transport: 3.1.10 (/opt/ros/humble/share/image_transport/cmake)
-- Found ament_cmake_ros: 0.10.0 (/opt/ros/humble/share/ament_cmake_ros/cmake)
-- Using all available rosidl_typesupport_c: rosidl_typesupport_fastrtps_c;rosidl_typesupport_introspection_c
-- Using all available rosidl_typesupport_cpp: rosidl_typesupport_fastrtps_cpp;rosidl_typesupport_introspection_cpp
-- Found PythonInterp: /usr/bin/python3 (found suitable version "3.10.12", minimum required is "3.6") 
-- Found python_cmake_module: 0.10.0 (/opt/ros/humble/share/python_cmake_module/cmake)
-- Found PythonLibs: /usr/lib/x86_64-linux-gnu/libpython3.10.so (found suitable version "3.10.12", minimum required is "3.5") 
-- Using PYTHON_EXECUTABLE: /usr/bin/python3
-- Using PYTHON_INCLUDE_DIRS: /usr/include/python3.10
-- Using PYTHON_LIBRARIES: /usr/lib/x86_64-linux-gnu/libpython3.10.so
-- Found PythonExtra: .so  
-- Configuring done
-- Generating done
-- Build files have been written to: /home/jk/ros2_test/src/build/ros2_orb_slam3
[  1%] [34m[1mGenerating C code for ROS interfaces[0m
[  3%] [34m[1mGenerating C++ code for ROS interfaces[0m
[  7%] [32mBuilding CXX object CMakeFiles/orb_slam3_lib.dir/orb_slam3/src/System.cc.o[0m
[  7%] [32mBuilding CXX object CMakeFiles/orb_slam3_lib.dir/orb_slam3/src/LocalMapping.cc.o[0m
[  7%] [32mBuilding CXX object CMakeFiles/orb_slam3_lib.dir/orb_slam3/src/Tracking.cc.o[0m
[  9%] [32mBuilding CXX object CMakeFiles/orb_slam3_lib.dir/orb_slam3/src/ORBextractor.cc.o[0m
[ 11%] [32mBuilding CXX object CMakeFiles/orb_slam3_lib.dir/orb_slam3/src/LoopClosing.cc.o[0m
[ 14%] [32mBuilding CXX object CMakeFiles/orb_slam3_lib.dir/orb_slam3/src/FrameDrawer.cc.o[0m
[ 14%] [32mBuilding CXX object CMakeFiles/orb_slam3_lib.dir/orb_slam3/src/Converter.cc.o[0m
[ 17%] [32mBuilding CXX object CMakeFiles/orb_slam3_lib.dir/orb_slam3/src/ORBmatcher.cc.o[0m
[ 17%] [32mBuilding CXX object CMakeFiles/orb_slam3_lib.dir/orb_slam3/src/MapPoint.cc.o[0m
[ 19%] [32mBuilding CXX object CMakeFiles/orb_slam3_lib.dir/orb_slam3/src/KeyFrame.cc.o[0m
[ 20%] [32mBuilding CXX object CMakeFiles/orb_slam3_lib.dir/orb_slam3/src/Atlas.cc.o[0m
[ 25%] [32mBuilding CXX object CMakeFiles/orb_slam3_lib.dir/orb_slam3/src/Map.cc.o[0m
[ 25%] [32mBuilding CXX object CMakeFiles/orb_slam3_lib.dir/orb_slam3/src/MapDrawer.cc.o[0m
[ 25%] [32mBuilding CXX object CMakeFiles/orb_slam3_lib.dir/orb_slam3/src/Frame.cc.o[0m
[ 26%] [32mBuilding CXX object CMakeFiles/orb_slam3_lib.dir/orb_slam3/src/Optimizer.cc.o[0m
[ 30%] [32mBuilding CXX object CMakeFiles/orb_slam3_lib.dir/orb_slam3/src/KeyFrameDatabase.cc.o[0m
[ 31%] [32mBuilding CXX object CMakeFiles/orb_slam3_lib.dir/orb_slam3/src/G2oTypes.cc.o[0m
[ 34%] [32mBuilding CXX object CMakeFiles/orb_slam3_lib.dir/orb_slam3/src/Viewer.cc.o[0m
[ 34%] [32mBuilding CXX object CMakeFiles/orb_slam3_lib.dir/orb_slam3/src/ImuTypes.cc.o[0m
[ 34%] [32mBuilding CXX object CMakeFiles/orb_slam3_lib.dir/orb_slam3/src/Sim3Solver.cc.o[0m
[ 36%] [32mBuilding CXX object CMakeFiles/orb_slam3_lib.dir/orb_slam3/src/CameraModels/Pinhole.cpp.o[0m
[ 36%] Built target ament_cmake_python_copy_ros2_orb_slam3
running egg_info
creating ros2_orb_slam3.egg-info
writing ros2_orb_slam3.egg-info/PKG-INFO
writing dependency_links to ros2_orb_slam3.egg-info/dependency_links.txt
writing top-level names to ros2_orb_slam3.egg-info/top_level.txt
writing manifest file 'ros2_orb_slam3.egg-info/SOURCES.txt'
reading manifest file 'ros2_orb_slam3.egg-info/SOURCES.txt'
writing manifest file 'ros2_orb_slam3.egg-info/SOURCES.txt'
[ 38%] [32mBuilding C object CMakeFiles/ros2_orb_slam3__rosidl_generator_c.dir/rosidl_generator_c/ros2_orb_slam3/msg/detail/stereoimage__functions.c.o[0m
[ 38%] Built target ros2_orb_slam3__cpp
[ 39%] [32mBuilding CXX object CMakeFiles/orb_slam3_lib.dir/orb_slam3/src/CameraModels/KannalaBrandt8.cpp.o[0m
[ 39%] Built target ament_cmake_python_build_ros2_orb_slam3_egg
[ 41%] [34m[1mGenerating C++ type support dispatch for ROS interfaces[0m
[ 42%] [32m[1mLinking C shared library libros2_orb_slam3__rosidl_generator_c.so[0m
[ 42%] Built target ros2_orb_slam3__rosidl_generator_c
[ 44%] [32mBuilding CXX object CMakeFiles/orb_slam3_lib.dir/orb_slam3/src/OptimizableTypes.cpp.o[0m
[ 46%] [32mBuilding CXX object CMakeFiles/ros2_orb_slam3__rosidl_typesupport_cpp.dir/rosidl_typesupport_cpp/ros2_orb_slam3/msg/stereoimage__type_support.cpp.o[0m
[ 47%] [32m[1mLinking CXX shared library libros2_orb_slam3__rosidl_typesupport_cpp.so[0m
[ 47%] Built target ros2_orb_slam3__rosidl_typesupport_cpp
[ 49%] [32mBuilding CXX object CMakeFiles/orb_slam3_lib.dir/orb_slam3/src/MLPnPsolver.cpp.o[0m
[ 50%] [32mBuilding CXX object CMakeFiles/orb_slam3_lib.dir/orb_slam3/src/GeometricTools.cc.o[0m
[ 52%] [32mBuilding CXX object CMakeFiles/orb_slam3_lib.dir/orb_slam3/src/TwoViewReconstruction.cc.o[0m
[ 53%] [34m[1mGenerating C++ type support for eProsima Fast-RTPS[0m
[ 55%] [32mBuilding CXX object CMakeFiles/ros2_orb_slam3__rosidl_typesupport_fastrtps_cpp.dir/rosidl_typesupport_fastrtps_cpp/ros2_orb_slam3/msg/detail/dds_fastrtps/stereoimage__type_support.cpp.o[0m
[ 57%] [32m[1mLinking CXX shared library libros2_orb_slam3__rosidl_typesupport_fastrtps_cpp.so[0m
[ 57%] Built target ros2_orb_slam3__rosidl_typesupport_fastrtps_cpp
[ 58%] [34m[1mGenerating C++ introspection for ROS interfaces[0m
[ 60%] [32mBuilding CXX object CMakeFiles/ros2_orb_slam3__rosidl_typesupport_introspection_cpp.dir/rosidl_typesupport_introspection_cpp/ros2_orb_slam3/msg/detail/stereoimage__type_support.cpp.o[0m
[ 61%] [32mBuilding CXX object CMakeFiles/orb_slam3_lib.dir/orb_slam3/src/Config.cc.o[0m
[ 63%] [32m[1mLinking CXX shared library libros2_orb_slam3__rosidl_typesupport_introspection_cpp.so[0m
[ 65%] [32mBuilding CXX object CMakeFiles/orb_slam3_lib.dir/orb_slam3/src/Settings.cc.o[0m
[ 65%] Built target ros2_orb_slam3__rosidl_typesupport_introspection_cpp
[ 66%] [34m[1mGenerating C introspection for ROS interfaces[0m
[ 68%] [34m[1mGenerating C type support for eProsima Fast-RTPS[0m
[ 69%] [34m[1mGenerating C type support dispatch for ROS interfaces[0m
[ 71%] [32mBuilding C object CMakeFiles/ros2_orb_slam3__rosidl_typesupport_introspection_c.dir/rosidl_typesupport_introspection_c/ros2_orb_slam3/msg/detail/stereoimage__type_support.c.o[0m
[ 73%] [32mBuilding CXX object CMakeFiles/ros2_orb_slam3__rosidl_typesupport_fastrtps_c.dir/rosidl_typesupport_fastrtps_c/ros2_orb_slam3/msg/detail/stereoimage__type_support_c.cpp.o[0m
[ 74%] [32m[1mLinking C shared library libros2_orb_slam3__rosidl_typesupport_introspection_c.so[0m
[ 76%] [32mBuilding CXX object CMakeFiles/ros2_orb_slam3__rosidl_typesupport_c.dir/rosidl_typesupport_c/ros2_orb_slam3/msg/stereoimage__type_support.cpp.o[0m
[ 76%] Built target ros2_orb_slam3__rosidl_typesupport_introspection_c
[ 77%] [32m[1mLinking CXX shared library libros2_orb_slam3__rosidl_typesupport_c.so[0m
[ 77%] Built target ros2_orb_slam3__rosidl_typesupport_c
[ 79%] [32m[1mLinking CXX shared library libros2_orb_slam3__rosidl_typesupport_fastrtps_c.so[0m
[ 79%] Built target ros2_orb_slam3__rosidl_typesupport_fastrtps_c
[ 79%] Built target ros2_orb_slam3
[ 80%] [34m[1mGenerating Python code for ROS interfaces[0m
[ 80%] Built target ros2_orb_slam3__py
[ 82%] [32mBuilding C object CMakeFiles/ros2_orb_slam3__rosidl_generator_py.dir/rosidl_generator_py/ros2_orb_slam3/msg/_stereoimage_s.c.o[0m
[ 84%] [32m[1mLinking C shared library rosidl_generator_py/ros2_orb_slam3/libros2_orb_slam3__rosidl_generator_py.so[0m
[ 84%] Built target ros2_orb_slam3__rosidl_generator_py
[ 87%] [32mBuilding C object CMakeFiles/ros2_orb_slam3__rosidl_typesupport_introspection_c__pyext.dir/rosidl_generator_py/ros2_orb_slam3/_ros2_orb_slam3_s.ep.rosidl_typesupport_introspection_c.c.o[0m
[ 87%] [32mBuilding C object CMakeFiles/ros2_orb_slam3__rosidl_typesupport_fastrtps_c__pyext.dir/rosidl_generator_py/ros2_orb_slam3/_ros2_orb_slam3_s.ep.rosidl_typesupport_fastrtps_c.c.o[0m
[ 88%] [32mBuilding C object CMakeFiles/ros2_orb_slam3__rosidl_typesupport_c__pyext.dir/rosidl_generator_py/ros2_orb_slam3/_ros2_orb_slam3_s.ep.rosidl_typesupport_c.c.o[0m
[ 92%] [32m[1mLinking C shared library rosidl_generator_py/ros2_orb_slam3/ros2_orb_slam3_s__rosidl_typesupport_fastrtps_c.cpython-310-x86_64-linux-gnu.so[0m
[ 92%] [32m[1mLinking C shared library rosidl_generator_py/ros2_orb_slam3/ros2_orb_slam3_s__rosidl_typesupport_introspection_c.cpython-310-x86_64-linux-gnu.so[0m
[ 93%] [32m[1mLinking C shared library rosidl_generator_py/ros2_orb_slam3/ros2_orb_slam3_s__rosidl_typesupport_c.cpython-310-x86_64-linux-gnu.so[0m
[ 93%] Built target ros2_orb_slam3__rosidl_typesupport_fastrtps_c__pyext
[ 93%] Built target ros2_orb_slam3__rosidl_typesupport_introspection_c__pyext
[ 93%] Built target ros2_orb_slam3__rosidl_typesupport_c__pyext
[ 95%] [32m[1mLinking CXX shared library liborb_slam3_lib.so[0m
[ 95%] Built target orb_slam3_lib
[ 96%] [32mBuilding CXX object CMakeFiles/mono_node_cpp.dir/src/common.cpp.o[0m
[ 98%] [32mBuilding CXX object CMakeFiles/mono_node_cpp.dir/src/mono_example.cpp.o[0m
[100%] [32m[1mLinking CXX executable mono_node_cpp[0m
[100%] Built target mono_node_cpp
-- Install configuration: ""
-- Installing: /home/jk/ros2_test/src/install/ros2_orb_slam3/lib/libDBoW2.so
-- Installing: /home/jk/ros2_test/src/install/ros2_orb_slam3/lib/libg2o.so
-- Installing: /home/jk/ros2_test/src/install/ros2_orb_slam3/include
-- Installing: /home/jk/ros2_test/src/install/ros2_orb_slam3/include/ros2_orb_slam3
-- Installing: /home/jk/ros2_test/src/install/ros2_orb_slam3/include/ros2_orb_slam3/common.hpp
-- Installing: /home/jk/ros2_test/src/install/ros2_orb_slam3/lib/ros2_orb_slam3/mono_node_cpp
-- Set runtime path of "/home/jk/ros2_test/src/install/ros2_orb_slam3/lib/ros2_orb_slam3/mono_node_cpp" to ""
-- Installing: /home/jk/ros2_test/src/install/ros2_orb_slam3/lib/liborb_slam3_lib.so.
-- Set runtime path of "/home/jk/ros2_test/src/install/ros2_orb_slam3/lib/liborb_slam3_lib.so." to ""
-- Installing: /home/jk/ros2_test/src/install/ros2_orb_slam3/lib/liborb_slam3_lib.so
-- Installing: /home/jk/ros2_test/src/install/ros2_orb_slam3/lib/ros2_orb_slam3/mono_driver_node.py
-- Installing: /home/jk/ros2_test/src/install/ros2_orb_slam3/lib/ros2_orb_slam3/colmap_excutor.py
-- Installing: /home/jk/ros2_test/src/install/ros2_orb_slam3/share/ament_index/resource_index/rosidl_interfaces/ros2_orb_slam3
-- Installing: /home/jk/ros2_test/src/install/ros2_orb_slam3/include/ros2_orb_slam3/ros2_orb_slam3
-- Installing: /home/jk/ros2_test/src/install/ros2_orb_slam3/include/ros2_orb_slam3/ros2_orb_slam3/msg
-- Installing: /home/jk/ros2_test/src/install/ros2_orb_slam3/include/ros2_orb_slam3/ros2_orb_slam3/msg/detail
-- Installing: /home/jk/ros2_test/src/install/ros2_orb_slam3/include/ros2_orb_slam3/ros2_orb_slam3/msg/detail/stereoimage__functions.c
-- Installing: /home/jk/ros2_test/src/install/ros2_orb_slam3/include/ros2_orb_slam3/ros2_orb_slam3/msg/detail/stereoimage__functions.h
-- Installing: /home/jk/ros2_test/src/install/ros2_orb_slam3/include/ros2_orb_slam3/ros2_orb_slam3/msg/detail/stereoimage__type_support.h
-- Installing: /home/jk/ros2_test/src/install/ros2_orb_slam3/include/ros2_orb_slam3/ros2_orb_slam3/msg/detail/stereoimage__struct.h
-- Installing: /home/jk/ros2_test/src/install/ros2_orb_slam3/include/ros2_orb_slam3/ros2_orb_slam3/msg/rosidl_generator_c__visibility_control.h
-- Installing: /home/jk/ros2_test/src/install/ros2_orb_slam3/include/ros2_orb_slam3/ros2_orb_slam3/msg/stereoimage.h
-- Installing: /home/jk/ros2_test/src/install/ros2_orb_slam3/share/ros2_orb_slam3/environment/library_path.sh
-- Installing: /home/jk/ros2_test/src/install/ros2_orb_slam3/share/ros2_orb_slam3/environment/library_path.dsv
-- Installing: /home/jk/ros2_test/src/install/ros2_orb_slam3/lib/libros2_orb_slam3__rosidl_generator_c.so
-- Set runtime path of "/home/jk/ros2_test/src/install/ros2_orb_slam3/lib/libros2_orb_slam3__rosidl_generator_c.so" to ""
-- Up-to-date: /home/jk/ros2_test/src/install/ros2_orb_slam3/include/ros2_orb_slam3/ros2_orb_slam3
-- Up-to-date: /home/jk/ros2_test/src/install/ros2_orb_slam3/include/ros2_orb_slam3/ros2_orb_slam3/msg
-- Installing: /home/jk/ros2_test/src/install/ros2_orb_slam3/include/ros2_orb_slam3/ros2_orb_slam3/msg/rosidl_typesupport_fastrtps_c__visibility_control.h
-- Up-to-date: /home/jk/ros2_test/src/install/ros2_orb_slam3/include/ros2_orb_slam3/ros2_orb_slam3/msg/detail
-- Installing: /home/jk/ros2_test/src/install/ros2_orb_slam3/include/ros2_orb_slam3/ros2_orb_slam3/msg/detail/stereoimage__rosidl_typesupport_fastrtps_c.h
-- Installing: /home/jk/ros2_test/src/install/ros2_orb_slam3/lib/libros2_orb_slam3__rosidl_typesupport_fastrtps_c.so
-- Set runtime path of "/home/jk/ros2_test/src/install/ros2_orb_slam3/lib/libros2_orb_slam3__rosidl_typesupport_fastrtps_c.so" to ""
-- Up-to-date: /home/jk/ros2_test/src/install/ros2_orb_slam3/include/ros2_orb_slam3/ros2_orb_slam3
-- Up-to-date: /home/jk/ros2_test/src/install/ros2_orb_slam3/include/ros2_orb_slam3/ros2_orb_slam3/msg
-- Up-to-date: /home/jk/ros2_test/src/install/ros2_orb_slam3/include/ros2_orb_slam3/ros2_orb_slam3/msg/detail
-- Installing: /home/jk/ros2_test/src/install/ros2_orb_slam3/include/ros2_orb_slam3/ros2_orb_slam3/msg/detail/stereoimage__type_support.c
-- Installing: /home/jk/ros2_test/src/install/ros2_orb_slam3/include/ros2_orb_slam3/ros2_orb_slam3/msg/detail/stereoimage__rosidl_typesupport_introspection_c.h
-- Installing: /home/jk/ros2_test/src/install/ros2_orb_slam3/include/ros2_orb_slam3/ros2_orb_slam3/msg/rosidl_typesupport_introspection_c__visibility_control.h
-- Installing: /home/jk/ros2_test/src/install/ros2_orb_slam3/lib/libros2_orb_slam3__rosidl_typesupport_introspection_c.so
-- Set runtime path of "/home/jk/ros2_test/src/install/ros2_orb_slam3/lib/libros2_orb_slam3__rosidl_typesupport_introspection_c.so" to ""
-- Installing: /home/jk/ros2_test/src/install/ros2_orb_slam3/lib/libros2_orb_slam3__rosidl_typesupport_c.so
-- Set runtime path of "/home/jk/ros2_test/src/install/ros2_orb_slam3/lib/libros2_orb_slam3__rosidl_typesupport_c.so" to ""
-- Up-to-date: /home/jk/ros2_test/src/install/ros2_orb_slam3/include/ros2_orb_slam3/ros2_orb_slam3
-- Up-to-date: /home/jk/ros2_test/src/install/ros2_orb_slam3/include/ros2_orb_slam3/ros2_orb_slam3/msg
-- Installing: /home/jk/ros2_test/src/install/ros2_orb_slam3/include/ros2_orb_slam3/ros2_orb_slam3/msg/rosidl_generator_cpp__visibility_control.hpp
-- Up-to-date: /home/jk/ros2_test/src/install/ros2_orb_slam3/include/ros2_orb_slam3/ros2_orb_slam3/msg/detail
-- Installing: /home/jk/ros2_test/src/install/ros2_orb_slam3/include/ros2_orb_slam3/ros2_orb_slam3/msg/detail/stereoimage__struct.hpp
-- Installing: /home/jk/ros2_test/src/install/ros2_orb_slam3/include/ros2_orb_slam3/ros2_orb_slam3/msg/detail/stereoimage__traits.hpp
-- Installing: /home/jk/ros2_test/src/install/ros2_orb_slam3/include/ros2_orb_slam3/ros2_orb_slam3/msg/detail/stereoimage__type_support.hpp
-- Installing: /home/jk/ros2_test/src/install/ros2_orb_slam3/include/ros2_orb_slam3/ros2_orb_slam3/msg/detail/stereoimage__builder.hpp
-- Installing: /home/jk/ros2_test/src/install/ros2_orb_slam3/include/ros2_orb_slam3/ros2_orb_slam3/msg/stereoimage.hpp
-- Up-to-date: /home/jk/ros2_test/src/install/ros2_orb_slam3/include/ros2_orb_slam3/ros2_orb_slam3
-- Up-to-date: /home/jk/ros2_test/src/install/ros2_orb_slam3/include/ros2_orb_slam3/ros2_orb_slam3/msg
-- Installing: /home/jk/ros2_test/src/install/ros2_orb_slam3/include/ros2_orb_slam3/ros2_orb_slam3/msg/rosidl_typesupport_fastrtps_cpp__visibility_control.h
-- Up-to-date: /home/jk/ros2_test/src/install/ros2_orb_slam3/include/ros2_orb_slam3/ros2_orb_slam3/msg/detail
-- Installing: /home/jk/ros2_test/src/install/ros2_orb_slam3/include/ros2_orb_slam3/ros2_orb_slam3/msg/detail/dds_fastrtps
-- Installing: /home/jk/ros2_test/src/install/ros2_orb_slam3/include/ros2_orb_slam3/ros2_orb_slam3/msg/detail/stereoimage__rosidl_typesupport_fastrtps_cpp.hpp
-- Installing: /home/jk/ros2_test/src/install/ros2_orb_slam3/lib/libros2_orb_slam3__rosidl_typesupport_fastrtps_cpp.so
-- Set runtime path of "/home/jk/ros2_test/src/install/ros2_orb_slam3/lib/libros2_orb_slam3__rosidl_typesupport_fastrtps_cpp.so" to ""
-- Up-to-date: /home/jk/ros2_test/src/install/ros2_orb_slam3/include/ros2_orb_slam3/ros2_orb_slam3
-- Up-to-date: /home/jk/ros2_test/src/install/ros2_orb_slam3/include/ros2_orb_slam3/ros2_orb_slam3/msg
-- Up-to-date: /home/jk/ros2_test/src/install/ros2_orb_slam3/include/ros2_orb_slam3/ros2_orb_slam3/msg/detail
-- Installing: /home/jk/ros2_test/src/install/ros2_orb_slam3/include/ros2_orb_slam3/ros2_orb_slam3/msg/detail/stereoimage__rosidl_typesupport_introspection_cpp.hpp
-- Installing: /home/jk/ros2_test/src/install/ros2_orb_slam3/include/ros2_orb_slam3/ros2_orb_slam3/msg/detail/stereoimage__type_support.cpp
-- Installing: /home/jk/ros2_test/src/install/ros2_orb_slam3/lib/libros2_orb_slam3__rosidl_typesupport_introspection_cpp.so
-- Set runtime path of "/home/jk/ros2_test/src/install/ros2_orb_slam3/lib/libros2_orb_slam3__rosidl_typesupport_introspection_cpp.so" to ""
-- Installing: /home/jk/ros2_test/src/install/ros2_orb_slam3/lib/libros2_orb_slam3__rosidl_typesupport_cpp.so
-- Set runtime path of "/home/jk/ros2_test/src/install/ros2_orb_slam3/lib/libros2_orb_slam3__rosidl_typesupport_cpp.so" to ""
-- Installing: /home/jk/ros2_test/src/install/ros2_orb_slam3/share/ros2_orb_slam3/environment/pythonpath.sh
-- Installing: /home/jk/ros2_test/src/install/ros2_orb_slam3/share/ros2_orb_slam3/environment/pythonpath.dsv
-- Installing: /home/jk/ros2_test/src/install/ros2_orb_slam3/local/lib/python3.10/dist-packages/ros2_orb_slam3-1.5.0-py3.10.egg-info
-- Installing: /home/jk/ros2_test/src/install/ros2_orb_slam3/local/lib/python3.10/dist-packages/ros2_orb_slam3-1.5.0-py3.10.egg-info/top_level.txt
-- Installing: /home/jk/ros2_test/src/install/ros2_orb_slam3/local/lib/python3.10/dist-packages/ros2_orb_slam3-1.5.0-py3.10.egg-info/PKG-INFO
-- Installing: /home/jk/ros2_test/src/install/ros2_orb_slam3/local/lib/python3.10/dist-packages/ros2_orb_slam3-1.5.0-py3.10.egg-info/dependency_links.txt
-- Installing: /home/jk/ros2_test/src/install/ros2_orb_slam3/local/lib/python3.10/dist-packages/ros2_orb_slam3-1.5.0-py3.10.egg-info/SOURCES.txt
-- Installing: /home/jk/ros2_test/src/install/ros2_orb_slam3/local/lib/python3.10/dist-packages/ros2_orb_slam3
-- Installing: /home/jk/ros2_test/src/install/ros2_orb_slam3/local/lib/python3.10/dist-packages/ros2_orb_slam3/__init__.py
-- Installing: /home/jk/ros2_test/src/install/ros2_orb_slam3/local/lib/python3.10/dist-packages/ros2_orb_slam3/libros2_orb_slam3__rosidl_generator_py.so
-- Installing: /home/jk/ros2_test/src/install/ros2_orb_slam3/local/lib/python3.10/dist-packages/ros2_orb_slam3/_ros2_orb_slam3_s.ep.rosidl_typesupport_fastrtps_c.c
-- Installing: /home/jk/ros2_test/src/install/ros2_orb_slam3/local/lib/python3.10/dist-packages/ros2_orb_slam3/ros2_orb_slam3_s__rosidl_typesupport_introspection_c.cpython-310-x86_64-linux-gnu.so
-- Installing: /home/jk/ros2_test/src/install/ros2_orb_slam3/local/lib/python3.10/dist-packages/ros2_orb_slam3/_ros2_orb_slam3_s.ep.rosidl_typesupport_introspection_c.c
-- Installing: /home/jk/ros2_test/src/install/ros2_orb_slam3/local/lib/python3.10/dist-packages/ros2_orb_slam3/_ros2_orb_slam3_s.ep.rosidl_typesupport_c.c
-- Installing: /home/jk/ros2_test/src/install/ros2_orb_slam3/local/lib/python3.10/dist-packages/ros2_orb_slam3/ros2_orb_slam3_s__rosidl_typesupport_fastrtps_c.cpython-310-x86_64-linux-gnu.so
-- Installing: /home/jk/ros2_test/src/install/ros2_orb_slam3/local/lib/python3.10/dist-packages/ros2_orb_slam3/msg
-- Installing: /home/jk/ros2_test/src/install/ros2_orb_slam3/local/lib/python3.10/dist-packages/ros2_orb_slam3/msg/__init__.py
-- Installing: /home/jk/ros2_test/src/install/ros2_orb_slam3/local/lib/python3.10/dist-packages/ros2_orb_slam3/msg/_stereoimage.py
-- Installing: /home/jk/ros2_test/src/install/ros2_orb_slam3/local/lib/python3.10/dist-packages/ros2_orb_slam3/msg/_stereoimage_s.c
-- Installing: /home/jk/ros2_test/src/install/ros2_orb_slam3/local/lib/python3.10/dist-packages/ros2_orb_slam3/ros2_orb_slam3_s__rosidl_typesupport_c.cpython-310-x86_64-linux-gnu.so
Listing '/home/jk/ros2_test/src/install/ros2_orb_slam3/local/lib/python3.10/dist-packages/ros2_orb_slam3'...
Compiling '/home/jk/ros2_test/src/install/ros2_orb_slam3/local/lib/python3.10/dist-packages/ros2_orb_slam3/__init__.py'...
Listing '/home/jk/ros2_test/src/install/ros2_orb_slam3/local/lib/python3.10/dist-packages/ros2_orb_slam3/msg'...
Compiling '/home/jk/ros2_test/src/install/ros2_orb_slam3/local/lib/python3.10/dist-packages/ros2_orb_slam3/msg/__init__.py'...
Compiling '/home/jk/ros2_test/src/install/ros2_orb_slam3/local/lib/python3.10/dist-packages/ros2_orb_slam3/msg/_stereoimage.py'...
-- Installing: /home/jk/ros2_test/src/install/ros2_orb_slam3/local/lib/python3.10/dist-packages/ros2_orb_slam3/ros2_orb_slam3_s__rosidl_typesupport_fastrtps_c.cpython-310-x86_64-linux-gnu.so
-- Set runtime path of "/home/jk/ros2_test/src/install/ros2_orb_slam3/local/lib/python3.10/dist-packages/ros2_orb_slam3/ros2_orb_slam3_s__rosidl_typesupport_fastrtps_c.cpython-310-x86_64-linux-gnu.so" to ""
-- Installing: /home/jk/ros2_test/src/install/ros2_orb_slam3/local/lib/python3.10/dist-packages/ros2_orb_slam3/ros2_orb_slam3_s__rosidl_typesupport_introspection_c.cpython-310-x86_64-linux-gnu.so
-- Set runtime path of "/home/jk/ros2_test/src/install/ros2_orb_slam3/local/lib/python3.10/dist-packages/ros2_orb_slam3/ros2_orb_slam3_s__rosidl_typesupport_introspection_c.cpython-310-x86_64-linux-gnu.so" to ""
-- Installing: /home/jk/ros2_test/src/install/ros2_orb_slam3/local/lib/python3.10/dist-packages/ros2_orb_slam3/ros2_orb_slam3_s__rosidl_typesupport_c.cpython-310-x86_64-linux-gnu.so
-- Set runtime path of "/home/jk/ros2_test/src/install/ros2_orb_slam3/local/lib/python3.10/dist-packages/ros2_orb_slam3/ros2_orb_slam3_s__rosidl_typesupport_c.cpython-310-x86_64-linux-gnu.so" to ""
-- Installing: /home/jk/ros2_test/src/install/ros2_orb_slam3/lib/libros2_orb_slam3__rosidl_generator_py.so
-- Set runtime path of "/home/jk/ros2_test/src/install/ros2_orb_slam3/lib/libros2_orb_slam3__rosidl_generator_py.so" to ""
-- Installing: /home/jk/ros2_test/src/install/ros2_orb_slam3/share/ros2_orb_slam3/msg/Stereoimage.idl
-- Installing: /home/jk/ros2_test/src/install/ros2_orb_slam3/share/ros2_orb_slam3/msg/Stereoimage.msg
-- Installing: /home/jk/ros2_test/src/install/ros2_orb_slam3/share/ament_index/resource_index/package_run_dependencies/ros2_orb_slam3
-- Installing: /home/jk/ros2_test/src/install/ros2_orb_slam3/share/ament_index/resource_index/parent_prefix_path/ros2_orb_slam3
-- Installing: /home/jk/ros2_test/src/install/ros2_orb_slam3/share/ros2_orb_slam3/environment/ament_prefix_path.sh
-- Installing: /home/jk/ros2_test/src/install/ros2_orb_slam3/share/ros2_orb_slam3/environment/ament_prefix_path.dsv
-- Installing: /home/jk/ros2_test/src/install/ros2_orb_slam3/share/ros2_orb_slam3/environment/path.sh
-- Installing: /home/jk/ros2_test/src/install/ros2_orb_slam3/share/ros2_orb_slam3/environment/path.dsv
-- Installing: /home/jk/ros2_test/src/install/ros2_orb_slam3/share/ros2_orb_slam3/local_setup.bash
-- Installing: /home/jk/ros2_test/src/install/ros2_orb_slam3/share/ros2_orb_slam3/local_setup.sh
-- Installing: /home/jk/ros2_test/src/install/ros2_orb_slam3/share/ros2_orb_slam3/local_setup.zsh
-- Installing: /home/jk/ros2_test/src/install/ros2_orb_slam3/share/ros2_orb_slam3/local_setup.dsv
-- Installing: /home/jk/ros2_test/src/install/ros2_orb_slam3/share/ros2_orb_slam3/package.dsv
-- Installing: /home/jk/ros2_test/src/install/ros2_orb_slam3/share/ament_index/resource_index/packages/ros2_orb_slam3
-- Installing: /home/jk/ros2_test/src/install/ros2_orb_slam3/share/ros2_orb_slam3/cmake/export_ros2_orb_slam3__rosidl_generator_cExport.cmake
-- Installing: /home/jk/ros2_test/src/install/ros2_orb_slam3/share/ros2_orb_slam3/cmake/export_ros2_orb_slam3__rosidl_generator_cExport-noconfig.cmake
-- Installing: /home/jk/ros2_test/src/install/ros2_orb_slam3/share/ros2_orb_slam3/cmake/export_ros2_orb_slam3__rosidl_typesupport_fastrtps_cExport.cmake
-- Installing: /home/jk/ros2_test/src/install/ros2_orb_slam3/share/ros2_orb_slam3/cmake/export_ros2_orb_slam3__rosidl_typesupport_fastrtps_cExport-noconfig.cmake
-- Installing: /home/jk/ros2_test/src/install/ros2_orb_slam3/share/ros2_orb_slam3/cmake/ros2_orb_slam3__rosidl_typesupport_introspection_cExport.cmake
-- Installing: /home/jk/ros2_test/src/install/ros2_orb_slam3/share/ros2_orb_slam3/cmake/ros2_orb_slam3__rosidl_typesupport_introspection_cExport-noconfig.cmake
-- Installing: /home/jk/ros2_test/src/install/ros2_orb_slam3/share/ros2_orb_slam3/cmake/ros2_orb_slam3__rosidl_typesupport_cExport.cmake
-- Installing: /home/jk/ros2_test/src/install/ros2_orb_slam3/share/ros2_orb_slam3/cmake/ros2_orb_slam3__rosidl_typesupport_cExport-noconfig.cmake
-- Installing: /home/jk/ros2_test/src/install/ros2_orb_slam3/share/ros2_orb_slam3/cmake/export_ros2_orb_slam3__rosidl_generator_cppExport.cmake
-- Installing: /home/jk/ros2_test/src/install/ros2_orb_slam3/share/ros2_orb_slam3/cmake/export_ros2_orb_slam3__rosidl_typesupport_fastrtps_cppExport.cmake
-- Installing: /home/jk/ros2_test/src/install/ros2_orb_slam3/share/ros2_orb_slam3/cmake/export_ros2_orb_slam3__rosidl_typesupport_fastrtps_cppExport-noconfig.cmake
-- Installing: /home/jk/ros2_test/src/install/ros2_orb_slam3/share/ros2_orb_slam3/cmake/ros2_orb_slam3__rosidl_typesupport_introspection_cppExport.cmake
-- Installing: /home/jk/ros2_test/src/install/ros2_orb_slam3/share/ros2_orb_slam3/cmake/ros2_orb_slam3__rosidl_typesupport_introspection_cppExport-noconfig.cmake
-- Installing: /home/jk/ros2_test/src/install/ros2_orb_slam3/share/ros2_orb_slam3/cmake/ros2_orb_slam3__rosidl_typesupport_cppExport.cmake
-- Installing: /home/jk/ros2_test/src/install/ros2_orb_slam3/share/ros2_orb_slam3/cmake/ros2_orb_slam3__rosidl_typesupport_cppExport-noconfig.cmake
-- Installing: /home/jk/ros2_test/src/install/ros2_orb_slam3/share/ros2_orb_slam3/cmake/export_ros2_orb_slam3__rosidl_generator_pyExport.cmake
-- Installing: /home/jk/ros2_test/src/install/ros2_orb_slam3/share/ros2_orb_slam3/cmake/export_ros2_orb_slam3__rosidl_generator_pyExport-noconfig.cmake
-- Installing: /home/jk/ros2_test/src/install/ros2_orb_slam3/share/ros2_orb_slam3/cmake/ament_cmake_export_include_directories-extras.cmake
-- Installing: /home/jk/ros2_test/src/install/ros2_orb_slam3/share/ros2_orb_slam3/cmake/ament_cmake_export_dependencies-extras.cmake
-- Installing: /home/jk/ros2_test/src/install/ros2_orb_slam3/share/ros2_orb_slam3/cmake/rosidl_cmake-extras.cmake
-- Installing: /home/jk/ros2_test/src/install/ros2_orb_slam3/share/ros2_orb_slam3/cmake/ament_cmake_export_libraries-extras.cmake
-- Installing: /home/jk/ros2_test/src/install/ros2_orb_slam3/share/ros2_orb_slam3/cmake/ament_cmake_export_targets-extras.cmake
-- Installing: /home/jk/ros2_test/src/install/ros2_orb_slam3/share/ros2_orb_slam3/cmake/rosidl_cmake_export_typesupport_targets-extras.cmake
-- Installing: /home/jk/ros2_test/src/install/ros2_orb_slam3/share/ros2_orb_slam3/cmake/rosidl_cmake_export_typesupport_libraries-extras.cmake
-- Installing: /home/jk/ros2_test/src/install/ros2_orb_slam3/share/ros2_orb_slam3/cmake/ros2_orb_slam3Config.cmake
-- Installing: /home/jk/ros2_test/src/install/ros2_orb_slam3/share/ros2_orb_slam3/cmake/ros2_orb_slam3Config-version.cmake
-- Installing: /home/jk/ros2_test/src/install/ros2_orb_slam3/share/ros2_orb_slam3/package.xml
