[0.053s] DEBUG:colcon:Command line arguments: ['/usr/bin/colcon', 'build', '--packages-select', 'ros2_orb_slam3']
[0.053s] DEBUG:colcon:Parsed command line arguments: Namespace(log_base=None, log_level=None, verb_name='build', build_base='build', install_base='install', merge_install=False, symlink_install=False, test_result_base=None, continue_on_error=False, executor='parallel', parallel_workers=24, event_handlers=None, ignore_user_meta=False, metas=['./colcon.meta'], base_paths=['.'], packages_ignore=None, packages_ignore_regex=None, paths=None, packages_up_to=None, packages_up_to_regex=None, packages_above=None, packages_above_and_dependencies=None, packages_above_depth=None, packages_select_by_dep=None, packages_skip_by_dep=None, packages_skip_up_to=None, packages_select_build_failed=False, packages_skip_build_finished=False, packages_select_test_failures=False, packages_skip_test_passed=False, packages_select=['ros2_orb_slam3'], packages_skip=None, packages_select_regex=None, packages_skip_regex=None, packages_start=None, packages_end=None, allow_overriding=[], cmake_args=None, cmake_target=None, cmake_target_skip_unavailable=False, cmake_clean_cache=False, cmake_clean_first=False, cmake_force_configure=False, ament_cmake_args=None, catkin_cmake_args=None, catkin_skip_building_tests=False, mixin_files=None, mixin=None, verb_parser=<colcon_mixin.mixin.mixin_argument.MixinArgumentDecorator object at 0x7713b064afe0>, verb_extension=<colcon_core.verb.build.BuildVerb object at 0x7713b0608580>, main=<bound method BuildVerb.main of <colcon_core.verb.build.BuildVerb object at 0x7713b0608580>>, mixin_verb=('build',))
[0.132s] Level 1:colcon.colcon_core.package_discovery:discover_packages(colcon_meta) check parameters
[0.132s] Level 1:colcon.colcon_core.package_discovery:discover_packages(recursive) check parameters
[0.132s] Level 1:colcon.colcon_core.package_discovery:discover_packages(ignore) check parameters
[0.132s] Level 1:colcon.colcon_core.package_discovery:discover_packages(path) check parameters
[0.132s] Level 1:colcon.colcon_core.package_discovery:discover_packages(colcon_meta) discover
[0.132s] Level 1:colcon.colcon_core.package_discovery:discover_packages(recursive) discover
[0.132s] INFO:colcon.colcon_core.package_discovery:Crawling recursively for packages in '/home/jk/ros2_test/src'
[0.132s] Level 1:colcon.colcon_core.package_identification:_identify(.) by extensions ['ignore', 'ignore_ament_install']
[0.132s] Level 1:colcon.colcon_core.package_identification:_identify(.) by extension 'ignore'
[0.132s] Level 1:colcon.colcon_core.package_identification:_identify(.) by extension 'ignore_ament_install'
[0.132s] Level 1:colcon.colcon_core.package_identification:_identify(.) by extensions ['colcon_pkg']
[0.132s] Level 1:colcon.colcon_core.package_identification:_identify(.) by extension 'colcon_pkg'
[0.132s] Level 1:colcon.colcon_core.package_identification:_identify(.) by extensions ['colcon_meta']
[0.132s] Level 1:colcon.colcon_core.package_identification:_identify(.) by extension 'colcon_meta'
[0.132s] Level 1:colcon.colcon_core.package_identification:_identify(.) by extensions ['ros']
[0.132s] Level 1:colcon.colcon_core.package_identification:_identify(.) by extension 'ros'
[0.138s] Level 1:colcon.colcon_core.package_identification:_identify(.) by extensions ['cmake', 'python']
[0.138s] Level 1:colcon.colcon_core.package_identification:_identify(.) by extension 'cmake'
[0.138s] Level 1:colcon.colcon_core.package_identification:_identify(.) by extension 'python'
[0.138s] Level 1:colcon.colcon_core.package_identification:_identify(.) by extensions ['python_setup_py']
[0.138s] Level 1:colcon.colcon_core.package_identification:_identify(.) by extension 'python_setup_py'
[0.138s] Level 1:colcon.colcon_core.package_identification:_identify(build) by extensions ['ignore', 'ignore_ament_install']
[0.138s] Level 1:colcon.colcon_core.package_identification:_identify(build) by extension 'ignore'
[0.138s] Level 1:colcon.colcon_core.package_identification:_identify(build) ignored
[0.138s] Level 1:colcon.colcon_core.package_identification:_identify(gaussian-splatting) by extensions ['ignore', 'ignore_ament_install']
[0.138s] Level 1:colcon.colcon_core.package_identification:_identify(gaussian-splatting) by extension 'ignore'
[0.138s] Level 1:colcon.colcon_core.package_identification:_identify(gaussian-splatting) by extension 'ignore_ament_install'
[0.138s] Level 1:colcon.colcon_core.package_identification:_identify(gaussian-splatting) by extensions ['colcon_pkg']
[0.138s] Level 1:colcon.colcon_core.package_identification:_identify(gaussian-splatting) by extension 'colcon_pkg'
[0.138s] Level 1:colcon.colcon_core.package_identification:_identify(gaussian-splatting) by extensions ['colcon_meta']
[0.138s] Level 1:colcon.colcon_core.package_identification:_identify(gaussian-splatting) by extension 'colcon_meta'
[0.138s] Level 1:colcon.colcon_core.package_identification:_identify(gaussian-splatting) by extensions ['ros']
[0.138s] Level 1:colcon.colcon_core.package_identification:_identify(gaussian-splatting) by extension 'ros'
[0.138s] Level 1:colcon.colcon_core.package_identification:_identify(gaussian-splatting) by extensions ['cmake', 'python']
[0.138s] Level 1:colcon.colcon_core.package_identification:_identify(gaussian-splatting) by extension 'cmake'
[0.138s] Level 1:colcon.colcon_core.package_identification:_identify(gaussian-splatting) by extension 'python'
[0.138s] Level 1:colcon.colcon_core.package_identification:_identify(gaussian-splatting) by extensions ['python_setup_py']
[0.138s] Level 1:colcon.colcon_core.package_identification:_identify(gaussian-splatting) by extension 'python_setup_py'
[0.138s] Level 1:colcon.colcon_core.package_identification:_identify(gaussian-splatting/SIBR_viewers) by extensions ['ignore', 'ignore_ament_install']
[0.138s] Level 1:colcon.colcon_core.package_identification:_identify(gaussian-splatting/SIBR_viewers) by extension 'ignore'
[0.138s] Level 1:colcon.colcon_core.package_identification:_identify(gaussian-splatting/SIBR_viewers) by extension 'ignore_ament_install'
[0.138s] Level 1:colcon.colcon_core.package_identification:_identify(gaussian-splatting/SIBR_viewers) by extensions ['colcon_pkg']
[0.138s] Level 1:colcon.colcon_core.package_identification:_identify(gaussian-splatting/SIBR_viewers) by extension 'colcon_pkg'
[0.138s] Level 1:colcon.colcon_core.package_identification:_identify(gaussian-splatting/SIBR_viewers) by extensions ['colcon_meta']
[0.138s] Level 1:colcon.colcon_core.package_identification:_identify(gaussian-splatting/SIBR_viewers) by extension 'colcon_meta'
[0.138s] Level 1:colcon.colcon_core.package_identification:_identify(gaussian-splatting/SIBR_viewers) by extensions ['ros']
[0.138s] Level 1:colcon.colcon_core.package_identification:_identify(gaussian-splatting/SIBR_viewers) by extension 'ros'
[0.138s] Level 1:colcon.colcon_core.package_identification:_identify(gaussian-splatting/SIBR_viewers) by extensions ['cmake', 'python']
[0.138s] Level 1:colcon.colcon_core.package_identification:_identify(gaussian-splatting/SIBR_viewers) by extension 'cmake'
[0.152s] Level 1:colcon.colcon_core.package_identification:_identify(gaussian-splatting/SIBR_viewers) by extension 'python'
[0.152s] DEBUG:colcon.colcon_core.package_identification:Package 'gaussian-splatting/SIBR_viewers' with type 'cmake' and name 'sibr_projects'
[0.152s] Level 1:colcon.colcon_core.package_identification:_identify(gaussian-splatting/arguments) by extensions ['ignore', 'ignore_ament_install']
[0.152s] Level 1:colcon.colcon_core.package_identification:_identify(gaussian-splatting/arguments) by extension 'ignore'
[0.152s] Level 1:colcon.colcon_core.package_identification:_identify(gaussian-splatting/arguments) by extension 'ignore_ament_install'
[0.152s] Level 1:colcon.colcon_core.package_identification:_identify(gaussian-splatting/arguments) by extensions ['colcon_pkg']
[0.152s] Level 1:colcon.colcon_core.package_identification:_identify(gaussian-splatting/arguments) by extension 'colcon_pkg'
[0.152s] Level 1:colcon.colcon_core.package_identification:_identify(gaussian-splatting/arguments) by extensions ['colcon_meta']
[0.152s] Level 1:colcon.colcon_core.package_identification:_identify(gaussian-splatting/arguments) by extension 'colcon_meta'
[0.152s] Level 1:colcon.colcon_core.package_identification:_identify(gaussian-splatting/arguments) by extensions ['ros']
[0.153s] Level 1:colcon.colcon_core.package_identification:_identify(gaussian-splatting/arguments) by extension 'ros'
[0.153s] Level 1:colcon.colcon_core.package_identification:_identify(gaussian-splatting/arguments) by extensions ['cmake', 'python']
[0.153s] Level 1:colcon.colcon_core.package_identification:_identify(gaussian-splatting/arguments) by extension 'cmake'
[0.153s] Level 1:colcon.colcon_core.package_identification:_identify(gaussian-splatting/arguments) by extension 'python'
[0.153s] Level 1:colcon.colcon_core.package_identification:_identify(gaussian-splatting/arguments) by extensions ['python_setup_py']
[0.153s] Level 1:colcon.colcon_core.package_identification:_identify(gaussian-splatting/arguments) by extension 'python_setup_py'
[0.153s] Level 1:colcon.colcon_core.package_identification:_identify(gaussian-splatting/arguments/__pycache__) by extensions ['ignore', 'ignore_ament_install']
[0.153s] Level 1:colcon.colcon_core.package_identification:_identify(gaussian-splatting/arguments/__pycache__) by extension 'ignore'
[0.153s] Level 1:colcon.colcon_core.package_identification:_identify(gaussian-splatting/arguments/__pycache__) by extension 'ignore_ament_install'
[0.153s] Level 1:colcon.colcon_core.package_identification:_identify(gaussian-splatting/arguments/__pycache__) by extensions ['colcon_pkg']
[0.153s] Level 1:colcon.colcon_core.package_identification:_identify(gaussian-splatting/arguments/__pycache__) by extension 'colcon_pkg'
[0.153s] Level 1:colcon.colcon_core.package_identification:_identify(gaussian-splatting/arguments/__pycache__) by extensions ['colcon_meta']
[0.153s] Level 1:colcon.colcon_core.package_identification:_identify(gaussian-splatting/arguments/__pycache__) by extension 'colcon_meta'
[0.153s] Level 1:colcon.colcon_core.package_identification:_identify(gaussian-splatting/arguments/__pycache__) by extensions ['ros']
[0.153s] Level 1:colcon.colcon_core.package_identification:_identify(gaussian-splatting/arguments/__pycache__) by extension 'ros'
[0.153s] Level 1:colcon.colcon_core.package_identification:_identify(gaussian-splatting/arguments/__pycache__) by extensions ['cmake', 'python']
[0.153s] Level 1:colcon.colcon_core.package_identification:_identify(gaussian-splatting/arguments/__pycache__) by extension 'cmake'
[0.153s] Level 1:colcon.colcon_core.package_identification:_identify(gaussian-splatting/arguments/__pycache__) by extension 'python'
[0.153s] Level 1:colcon.colcon_core.package_identification:_identify(gaussian-splatting/arguments/__pycache__) by extensions ['python_setup_py']
[0.153s] Level 1:colcon.colcon_core.package_identification:_identify(gaussian-splatting/arguments/__pycache__) by extension 'python_setup_py'
[0.153s] Level 1:colcon.colcon_core.package_identification:_identify(gaussian-splatting/assets) by extensions ['ignore', 'ignore_ament_install']
[0.153s] Level 1:colcon.colcon_core.package_identification:_identify(gaussian-splatting/assets) by extension 'ignore'
[0.153s] Level 1:colcon.colcon_core.package_identification:_identify(gaussian-splatting/assets) by extension 'ignore_ament_install'
[0.153s] Level 1:colcon.colcon_core.package_identification:_identify(gaussian-splatting/assets) by extensions ['colcon_pkg']
[0.153s] Level 1:colcon.colcon_core.package_identification:_identify(gaussian-splatting/assets) by extension 'colcon_pkg'
[0.153s] Level 1:colcon.colcon_core.package_identification:_identify(gaussian-splatting/assets) by extensions ['colcon_meta']
[0.153s] Level 1:colcon.colcon_core.package_identification:_identify(gaussian-splatting/assets) by extension 'colcon_meta'
[0.153s] Level 1:colcon.colcon_core.package_identification:_identify(gaussian-splatting/assets) by extensions ['ros']
[0.153s] Level 1:colcon.colcon_core.package_identification:_identify(gaussian-splatting/assets) by extension 'ros'
[0.153s] Level 1:colcon.colcon_core.package_identification:_identify(gaussian-splatting/assets) by extensions ['cmake', 'python']
[0.153s] Level 1:colcon.colcon_core.package_identification:_identify(gaussian-splatting/assets) by extension 'cmake'
[0.153s] Level 1:colcon.colcon_core.package_identification:_identify(gaussian-splatting/assets) by extension 'python'
[0.153s] Level 1:colcon.colcon_core.package_identification:_identify(gaussian-splatting/assets) by extensions ['python_setup_py']
[0.153s] Level 1:colcon.colcon_core.package_identification:_identify(gaussian-splatting/assets) by extension 'python_setup_py'
[0.153s] Level 1:colcon.colcon_core.package_identification:_identify(gaussian-splatting/assets/charts) by extensions ['ignore', 'ignore_ament_install']
[0.153s] Level 1:colcon.colcon_core.package_identification:_identify(gaussian-splatting/assets/charts) by extension 'ignore'
[0.153s] Level 1:colcon.colcon_core.package_identification:_identify(gaussian-splatting/assets/charts) by extension 'ignore_ament_install'
[0.153s] Level 1:colcon.colcon_core.package_identification:_identify(gaussian-splatting/assets/charts) by extensions ['colcon_pkg']
[0.153s] Level 1:colcon.colcon_core.package_identification:_identify(gaussian-splatting/assets/charts) by extension 'colcon_pkg'
[0.153s] Level 1:colcon.colcon_core.package_identification:_identify(gaussian-splatting/assets/charts) by extensions ['colcon_meta']
[0.153s] Level 1:colcon.colcon_core.package_identification:_identify(gaussian-splatting/assets/charts) by extension 'colcon_meta'
[0.153s] Level 1:colcon.colcon_core.package_identification:_identify(gaussian-splatting/assets/charts) by extensions ['ros']
[0.153s] Level 1:colcon.colcon_core.package_identification:_identify(gaussian-splatting/assets/charts) by extension 'ros'
[0.153s] Level 1:colcon.colcon_core.package_identification:_identify(gaussian-splatting/assets/charts) by extensions ['cmake', 'python']
[0.153s] Level 1:colcon.colcon_core.package_identification:_identify(gaussian-splatting/assets/charts) by extension 'cmake'
[0.153s] Level 1:colcon.colcon_core.package_identification:_identify(gaussian-splatting/assets/charts) by extension 'python'
[0.153s] Level 1:colcon.colcon_core.package_identification:_identify(gaussian-splatting/assets/charts) by extensions ['python_setup_py']
[0.153s] Level 1:colcon.colcon_core.package_identification:_identify(gaussian-splatting/assets/charts) by extension 'python_setup_py'
[0.153s] Level 1:colcon.colcon_core.package_identification:_identify(gaussian-splatting/gaussian_renderer) by extensions ['ignore', 'ignore_ament_install']
[0.153s] Level 1:colcon.colcon_core.package_identification:_identify(gaussian-splatting/gaussian_renderer) by extension 'ignore'
[0.153s] Level 1:colcon.colcon_core.package_identification:_identify(gaussian-splatting/gaussian_renderer) by extension 'ignore_ament_install'
[0.154s] Level 1:colcon.colcon_core.package_identification:_identify(gaussian-splatting/gaussian_renderer) by extensions ['colcon_pkg']
[0.154s] Level 1:colcon.colcon_core.package_identification:_identify(gaussian-splatting/gaussian_renderer) by extension 'colcon_pkg'
[0.154s] Level 1:colcon.colcon_core.package_identification:_identify(gaussian-splatting/gaussian_renderer) by extensions ['colcon_meta']
[0.154s] Level 1:colcon.colcon_core.package_identification:_identify(gaussian-splatting/gaussian_renderer) by extension 'colcon_meta'
[0.154s] Level 1:colcon.colcon_core.package_identification:_identify(gaussian-splatting/gaussian_renderer) by extensions ['ros']
[0.154s] Level 1:colcon.colcon_core.package_identification:_identify(gaussian-splatting/gaussian_renderer) by extension 'ros'
[0.154s] Level 1:colcon.colcon_core.package_identification:_identify(gaussian-splatting/gaussian_renderer) by extensions ['cmake', 'python']
[0.154s] Level 1:colcon.colcon_core.package_identification:_identify(gaussian-splatting/gaussian_renderer) by extension 'cmake'
[0.154s] Level 1:colcon.colcon_core.package_identification:_identify(gaussian-splatting/gaussian_renderer) by extension 'python'
[0.154s] Level 1:colcon.colcon_core.package_identification:_identify(gaussian-splatting/gaussian_renderer) by extensions ['python_setup_py']
[0.154s] Level 1:colcon.colcon_core.package_identification:_identify(gaussian-splatting/gaussian_renderer) by extension 'python_setup_py'
[0.154s] Level 1:colcon.colcon_core.package_identification:_identify(gaussian-splatting/gaussian_renderer/__pycache__) by extensions ['ignore', 'ignore_ament_install']
[0.154s] Level 1:colcon.colcon_core.package_identification:_identify(gaussian-splatting/gaussian_renderer/__pycache__) by extension 'ignore'
[0.154s] Level 1:colcon.colcon_core.package_identification:_identify(gaussian-splatting/gaussian_renderer/__pycache__) by extension 'ignore_ament_install'
[0.154s] Level 1:colcon.colcon_core.package_identification:_identify(gaussian-splatting/gaussian_renderer/__pycache__) by extensions ['colcon_pkg']
[0.154s] Level 1:colcon.colcon_core.package_identification:_identify(gaussian-splatting/gaussian_renderer/__pycache__) by extension 'colcon_pkg'
[0.154s] Level 1:colcon.colcon_core.package_identification:_identify(gaussian-splatting/gaussian_renderer/__pycache__) by extensions ['colcon_meta']
[0.154s] Level 1:colcon.colcon_core.package_identification:_identify(gaussian-splatting/gaussian_renderer/__pycache__) by extension 'colcon_meta'
[0.154s] Level 1:colcon.colcon_core.package_identification:_identify(gaussian-splatting/gaussian_renderer/__pycache__) by extensions ['ros']
[0.154s] Level 1:colcon.colcon_core.package_identification:_identify(gaussian-splatting/gaussian_renderer/__pycache__) by extension 'ros'
[0.154s] Level 1:colcon.colcon_core.package_identification:_identify(gaussian-splatting/gaussian_renderer/__pycache__) by extensions ['cmake', 'python']
[0.154s] Level 1:colcon.colcon_core.package_identification:_identify(gaussian-splatting/gaussian_renderer/__pycache__) by extension 'cmake'
[0.154s] Level 1:colcon.colcon_core.package_identification:_identify(gaussian-splatting/gaussian_renderer/__pycache__) by extension 'python'
[0.154s] Level 1:colcon.colcon_core.package_identification:_identify(gaussian-splatting/gaussian_renderer/__pycache__) by extensions ['python_setup_py']
[0.154s] Level 1:colcon.colcon_core.package_identification:_identify(gaussian-splatting/gaussian_renderer/__pycache__) by extension 'python_setup_py'
[0.154s] Level 1:colcon.colcon_core.package_identification:_identify(gaussian-splatting/lpipsPyTorch) by extensions ['ignore', 'ignore_ament_install']
[0.154s] Level 1:colcon.colcon_core.package_identification:_identify(gaussian-splatting/lpipsPyTorch) by extension 'ignore'
[0.154s] Level 1:colcon.colcon_core.package_identification:_identify(gaussian-splatting/lpipsPyTorch) by extension 'ignore_ament_install'
[0.154s] Level 1:colcon.colcon_core.package_identification:_identify(gaussian-splatting/lpipsPyTorch) by extensions ['colcon_pkg']
[0.154s] Level 1:colcon.colcon_core.package_identification:_identify(gaussian-splatting/lpipsPyTorch) by extension 'colcon_pkg'
[0.154s] Level 1:colcon.colcon_core.package_identification:_identify(gaussian-splatting/lpipsPyTorch) by extensions ['colcon_meta']
[0.154s] Level 1:colcon.colcon_core.package_identification:_identify(gaussian-splatting/lpipsPyTorch) by extension 'colcon_meta'
[0.154s] Level 1:colcon.colcon_core.package_identification:_identify(gaussian-splatting/lpipsPyTorch) by extensions ['ros']
[0.154s] Level 1:colcon.colcon_core.package_identification:_identify(gaussian-splatting/lpipsPyTorch) by extension 'ros'
[0.154s] Level 1:colcon.colcon_core.package_identification:_identify(gaussian-splatting/lpipsPyTorch) by extensions ['cmake', 'python']
[0.154s] Level 1:colcon.colcon_core.package_identification:_identify(gaussian-splatting/lpipsPyTorch) by extension 'cmake'
[0.154s] Level 1:colcon.colcon_core.package_identification:_identify(gaussian-splatting/lpipsPyTorch) by extension 'python'
[0.154s] Level 1:colcon.colcon_core.package_identification:_identify(gaussian-splatting/lpipsPyTorch) by extensions ['python_setup_py']
[0.154s] Level 1:colcon.colcon_core.package_identification:_identify(gaussian-splatting/lpipsPyTorch) by extension 'python_setup_py'
[0.154s] Level 1:colcon.colcon_core.package_identification:_identify(gaussian-splatting/lpipsPyTorch/modules) by extensions ['ignore', 'ignore_ament_install']
[0.154s] Level 1:colcon.colcon_core.package_identification:_identify(gaussian-splatting/lpipsPyTorch/modules) by extension 'ignore'
[0.154s] Level 1:colcon.colcon_core.package_identification:_identify(gaussian-splatting/lpipsPyTorch/modules) by extension 'ignore_ament_install'
[0.154s] Level 1:colcon.colcon_core.package_identification:_identify(gaussian-splatting/lpipsPyTorch/modules) by extensions ['colcon_pkg']
[0.154s] Level 1:colcon.colcon_core.package_identification:_identify(gaussian-splatting/lpipsPyTorch/modules) by extension 'colcon_pkg'
[0.154s] Level 1:colcon.colcon_core.package_identification:_identify(gaussian-splatting/lpipsPyTorch/modules) by extensions ['colcon_meta']
[0.154s] Level 1:colcon.colcon_core.package_identification:_identify(gaussian-splatting/lpipsPyTorch/modules) by extension 'colcon_meta'
[0.154s] Level 1:colcon.colcon_core.package_identification:_identify(gaussian-splatting/lpipsPyTorch/modules) by extensions ['ros']
[0.154s] Level 1:colcon.colcon_core.package_identification:_identify(gaussian-splatting/lpipsPyTorch/modules) by extension 'ros'
[0.154s] Level 1:colcon.colcon_core.package_identification:_identify(gaussian-splatting/lpipsPyTorch/modules) by extensions ['cmake', 'python']
[0.154s] Level 1:colcon.colcon_core.package_identification:_identify(gaussian-splatting/lpipsPyTorch/modules) by extension 'cmake'
[0.154s] Level 1:colcon.colcon_core.package_identification:_identify(gaussian-splatting/lpipsPyTorch/modules) by extension 'python'
[0.154s] Level 1:colcon.colcon_core.package_identification:_identify(gaussian-splatting/lpipsPyTorch/modules) by extensions ['python_setup_py']
[0.154s] Level 1:colcon.colcon_core.package_identification:_identify(gaussian-splatting/lpipsPyTorch/modules) by extension 'python_setup_py'
[0.154s] Level 1:colcon.colcon_core.package_identification:_identify(gaussian-splatting/output) by extensions ['ignore', 'ignore_ament_install']
[0.154s] Level 1:colcon.colcon_core.package_identification:_identify(gaussian-splatting/output) by extension 'ignore'
[0.155s] Level 1:colcon.colcon_core.package_identification:_identify(gaussian-splatting/output) by extension 'ignore_ament_install'
[0.155s] Level 1:colcon.colcon_core.package_identification:_identify(gaussian-splatting/output) by extensions ['colcon_pkg']
[0.155s] Level 1:colcon.colcon_core.package_identification:_identify(gaussian-splatting/output) by extension 'colcon_pkg'
[0.155s] Level 1:colcon.colcon_core.package_identification:_identify(gaussian-splatting/output) by extensions ['colcon_meta']
[0.155s] Level 1:colcon.colcon_core.package_identification:_identify(gaussian-splatting/output) by extension 'colcon_meta'
[0.155s] Level 1:colcon.colcon_core.package_identification:_identify(gaussian-splatting/output) by extensions ['ros']
[0.155s] Level 1:colcon.colcon_core.package_identification:_identify(gaussian-splatting/output) by extension 'ros'
[0.155s] Level 1:colcon.colcon_core.package_identification:_identify(gaussian-splatting/output) by extensions ['cmake', 'python']
[0.155s] Level 1:colcon.colcon_core.package_identification:_identify(gaussian-splatting/output) by extension 'cmake'
[0.155s] Level 1:colcon.colcon_core.package_identification:_identify(gaussian-splatting/output) by extension 'python'
[0.155s] Level 1:colcon.colcon_core.package_identification:_identify(gaussian-splatting/output) by extensions ['python_setup_py']
[0.155s] Level 1:colcon.colcon_core.package_identification:_identify(gaussian-splatting/output) by extension 'python_setup_py'
[0.155s] Level 1:colcon.colcon_core.package_identification:_identify(gaussian-splatting/output/1c424f5d-9) by extensions ['ignore', 'ignore_ament_install']
[0.155s] Level 1:colcon.colcon_core.package_identification:_identify(gaussian-splatting/output/1c424f5d-9) by extension 'ignore'
[0.155s] Level 1:colcon.colcon_core.package_identification:_identify(gaussian-splatting/output/1c424f5d-9) by extension 'ignore_ament_install'
[0.155s] Level 1:colcon.colcon_core.package_identification:_identify(gaussian-splatting/output/1c424f5d-9) by extensions ['colcon_pkg']
[0.155s] Level 1:colcon.colcon_core.package_identification:_identify(gaussian-splatting/output/1c424f5d-9) by extension 'colcon_pkg'
[0.155s] Level 1:colcon.colcon_core.package_identification:_identify(gaussian-splatting/output/1c424f5d-9) by extensions ['colcon_meta']
[0.155s] Level 1:colcon.colcon_core.package_identification:_identify(gaussian-splatting/output/1c424f5d-9) by extension 'colcon_meta'
[0.155s] Level 1:colcon.colcon_core.package_identification:_identify(gaussian-splatting/output/1c424f5d-9) by extensions ['ros']
[0.155s] Level 1:colcon.colcon_core.package_identification:_identify(gaussian-splatting/output/1c424f5d-9) by extension 'ros'
[0.155s] Level 1:colcon.colcon_core.package_identification:_identify(gaussian-splatting/output/1c424f5d-9) by extensions ['cmake', 'python']
[0.155s] Level 1:colcon.colcon_core.package_identification:_identify(gaussian-splatting/output/1c424f5d-9) by extension 'cmake'
[0.155s] Level 1:colcon.colcon_core.package_identification:_identify(gaussian-splatting/output/1c424f5d-9) by extension 'python'
[0.155s] Level 1:colcon.colcon_core.package_identification:_identify(gaussian-splatting/output/1c424f5d-9) by extensions ['python_setup_py']
[0.155s] Level 1:colcon.colcon_core.package_identification:_identify(gaussian-splatting/output/1c424f5d-9) by extension 'python_setup_py'
[0.155s] Level 1:colcon.colcon_core.package_identification:_identify(gaussian-splatting/output/1c424f5d-9/point_cloud) by extensions ['ignore', 'ignore_ament_install']
[0.155s] Level 1:colcon.colcon_core.package_identification:_identify(gaussian-splatting/output/1c424f5d-9/point_cloud) by extension 'ignore'
[0.155s] Level 1:colcon.colcon_core.package_identification:_identify(gaussian-splatting/output/1c424f5d-9/point_cloud) by extension 'ignore_ament_install'
[0.155s] Level 1:colcon.colcon_core.package_identification:_identify(gaussian-splatting/output/1c424f5d-9/point_cloud) by extensions ['colcon_pkg']
[0.155s] Level 1:colcon.colcon_core.package_identification:_identify(gaussian-splatting/output/1c424f5d-9/point_cloud) by extension 'colcon_pkg'
[0.155s] Level 1:colcon.colcon_core.package_identification:_identify(gaussian-splatting/output/1c424f5d-9/point_cloud) by extensions ['colcon_meta']
[0.155s] Level 1:colcon.colcon_core.package_identification:_identify(gaussian-splatting/output/1c424f5d-9/point_cloud) by extension 'colcon_meta'
[0.155s] Level 1:colcon.colcon_core.package_identification:_identify(gaussian-splatting/output/1c424f5d-9/point_cloud) by extensions ['ros']
[0.155s] Level 1:colcon.colcon_core.package_identification:_identify(gaussian-splatting/output/1c424f5d-9/point_cloud) by extension 'ros'
[0.155s] Level 1:colcon.colcon_core.package_identification:_identify(gaussian-splatting/output/1c424f5d-9/point_cloud) by extensions ['cmake', 'python']
[0.155s] Level 1:colcon.colcon_core.package_identification:_identify(gaussian-splatting/output/1c424f5d-9/point_cloud) by extension 'cmake'
[0.155s] Level 1:colcon.colcon_core.package_identification:_identify(gaussian-splatting/output/1c424f5d-9/point_cloud) by extension 'python'
[0.155s] Level 1:colcon.colcon_core.package_identification:_identify(gaussian-splatting/output/1c424f5d-9/point_cloud) by extensions ['python_setup_py']
[0.155s] Level 1:colcon.colcon_core.package_identification:_identify(gaussian-splatting/output/1c424f5d-9/point_cloud) by extension 'python_setup_py'
[0.155s] Level 1:colcon.colcon_core.package_identification:_identify(gaussian-splatting/output/1c424f5d-9/point_cloud/iteration_30000) by extensions ['ignore', 'ignore_ament_install']
[0.155s] Level 1:colcon.colcon_core.package_identification:_identify(gaussian-splatting/output/1c424f5d-9/point_cloud/iteration_30000) by extension 'ignore'
[0.155s] Level 1:colcon.colcon_core.package_identification:_identify(gaussian-splatting/output/1c424f5d-9/point_cloud/iteration_30000) by extension 'ignore_ament_install'
[0.155s] Level 1:colcon.colcon_core.package_identification:_identify(gaussian-splatting/output/1c424f5d-9/point_cloud/iteration_30000) by extensions ['colcon_pkg']
[0.155s] Level 1:colcon.colcon_core.package_identification:_identify(gaussian-splatting/output/1c424f5d-9/point_cloud/iteration_30000) by extension 'colcon_pkg'
[0.155s] Level 1:colcon.colcon_core.package_identification:_identify(gaussian-splatting/output/1c424f5d-9/point_cloud/iteration_30000) by extensions ['colcon_meta']
[0.155s] Level 1:colcon.colcon_core.package_identification:_identify(gaussian-splatting/output/1c424f5d-9/point_cloud/iteration_30000) by extension 'colcon_meta'
[0.155s] Level 1:colcon.colcon_core.package_identification:_identify(gaussian-splatting/output/1c424f5d-9/point_cloud/iteration_30000) by extensions ['ros']
[0.155s] Level 1:colcon.colcon_core.package_identification:_identify(gaussian-splatting/output/1c424f5d-9/point_cloud/iteration_30000) by extension 'ros'
[0.155s] Level 1:colcon.colcon_core.package_identification:_identify(gaussian-splatting/output/1c424f5d-9/point_cloud/iteration_30000) by extensions ['cmake', 'python']
[0.155s] Level 1:colcon.colcon_core.package_identification:_identify(gaussian-splatting/output/1c424f5d-9/point_cloud/iteration_30000) by extension 'cmake'
[0.155s] Level 1:colcon.colcon_core.package_identification:_identify(gaussian-splatting/output/1c424f5d-9/point_cloud/iteration_30000) by extension 'python'
[0.155s] Level 1:colcon.colcon_core.package_identification:_identify(gaussian-splatting/output/1c424f5d-9/point_cloud/iteration_30000) by extensions ['python_setup_py']
[0.155s] Level 1:colcon.colcon_core.package_identification:_identify(gaussian-splatting/output/1c424f5d-9/point_cloud/iteration_30000) by extension 'python_setup_py'
[0.155s] Level 1:colcon.colcon_core.package_identification:_identify(gaussian-splatting/output/1c424f5d-9/point_cloud/iteration_7000) by extensions ['ignore', 'ignore_ament_install']
[0.156s] Level 1:colcon.colcon_core.package_identification:_identify(gaussian-splatting/output/1c424f5d-9/point_cloud/iteration_7000) by extension 'ignore'
[0.156s] Level 1:colcon.colcon_core.package_identification:_identify(gaussian-splatting/output/1c424f5d-9/point_cloud/iteration_7000) by extension 'ignore_ament_install'
[0.156s] Level 1:colcon.colcon_core.package_identification:_identify(gaussian-splatting/output/1c424f5d-9/point_cloud/iteration_7000) by extensions ['colcon_pkg']
[0.156s] Level 1:colcon.colcon_core.package_identification:_identify(gaussian-splatting/output/1c424f5d-9/point_cloud/iteration_7000) by extension 'colcon_pkg'
[0.156s] Level 1:colcon.colcon_core.package_identification:_identify(gaussian-splatting/output/1c424f5d-9/point_cloud/iteration_7000) by extensions ['colcon_meta']
[0.156s] Level 1:colcon.colcon_core.package_identification:_identify(gaussian-splatting/output/1c424f5d-9/point_cloud/iteration_7000) by extension 'colcon_meta'
[0.156s] Level 1:colcon.colcon_core.package_identification:_identify(gaussian-splatting/output/1c424f5d-9/point_cloud/iteration_7000) by extensions ['ros']
[0.156s] Level 1:colcon.colcon_core.package_identification:_identify(gaussian-splatting/output/1c424f5d-9/point_cloud/iteration_7000) by extension 'ros'
[0.156s] Level 1:colcon.colcon_core.package_identification:_identify(gaussian-splatting/output/1c424f5d-9/point_cloud/iteration_7000) by extensions ['cmake', 'python']
[0.156s] Level 1:colcon.colcon_core.package_identification:_identify(gaussian-splatting/output/1c424f5d-9/point_cloud/iteration_7000) by extension 'cmake'
[0.156s] Level 1:colcon.colcon_core.package_identification:_identify(gaussian-splatting/output/1c424f5d-9/point_cloud/iteration_7000) by extension 'python'
[0.156s] Level 1:colcon.colcon_core.package_identification:_identify(gaussian-splatting/output/1c424f5d-9/point_cloud/iteration_7000) by extensions ['python_setup_py']
[0.156s] Level 1:colcon.colcon_core.package_identification:_identify(gaussian-splatting/output/1c424f5d-9/point_cloud/iteration_7000) by extension 'python_setup_py'
[0.156s] Level 1:colcon.colcon_core.package_identification:_identify(gaussian-splatting/output/720c6530-e) by extensions ['ignore', 'ignore_ament_install']
[0.156s] Level 1:colcon.colcon_core.package_identification:_identify(gaussian-splatting/output/720c6530-e) by extension 'ignore'
[0.156s] Level 1:colcon.colcon_core.package_identification:_identify(gaussian-splatting/output/720c6530-e) by extension 'ignore_ament_install'
[0.156s] Level 1:colcon.colcon_core.package_identification:_identify(gaussian-splatting/output/720c6530-e) by extensions ['colcon_pkg']
[0.156s] Level 1:colcon.colcon_core.package_identification:_identify(gaussian-splatting/output/720c6530-e) by extension 'colcon_pkg'
[0.156s] Level 1:colcon.colcon_core.package_identification:_identify(gaussian-splatting/output/720c6530-e) by extensions ['colcon_meta']
[0.156s] Level 1:colcon.colcon_core.package_identification:_identify(gaussian-splatting/output/720c6530-e) by extension 'colcon_meta'
[0.156s] Level 1:colcon.colcon_core.package_identification:_identify(gaussian-splatting/output/720c6530-e) by extensions ['ros']
[0.156s] Level 1:colcon.colcon_core.package_identification:_identify(gaussian-splatting/output/720c6530-e) by extension 'ros'
[0.156s] Level 1:colcon.colcon_core.package_identification:_identify(gaussian-splatting/output/720c6530-e) by extensions ['cmake', 'python']
[0.156s] Level 1:colcon.colcon_core.package_identification:_identify(gaussian-splatting/output/720c6530-e) by extension 'cmake'
[0.156s] Level 1:colcon.colcon_core.package_identification:_identify(gaussian-splatting/output/720c6530-e) by extension 'python'
[0.156s] Level 1:colcon.colcon_core.package_identification:_identify(gaussian-splatting/output/720c6530-e) by extensions ['python_setup_py']
[0.156s] Level 1:colcon.colcon_core.package_identification:_identify(gaussian-splatting/output/720c6530-e) by extension 'python_setup_py'
[0.156s] Level 1:colcon.colcon_core.package_identification:_identify(gaussian-splatting/output/720c6530-e/point_cloud) by extensions ['ignore', 'ignore_ament_install']
[0.156s] Level 1:colcon.colcon_core.package_identification:_identify(gaussian-splatting/output/720c6530-e/point_cloud) by extension 'ignore'
[0.156s] Level 1:colcon.colcon_core.package_identification:_identify(gaussian-splatting/output/720c6530-e/point_cloud) by extension 'ignore_ament_install'
[0.156s] Level 1:colcon.colcon_core.package_identification:_identify(gaussian-splatting/output/720c6530-e/point_cloud) by extensions ['colcon_pkg']
[0.156s] Level 1:colcon.colcon_core.package_identification:_identify(gaussian-splatting/output/720c6530-e/point_cloud) by extension 'colcon_pkg'
[0.156s] Level 1:colcon.colcon_core.package_identification:_identify(gaussian-splatting/output/720c6530-e/point_cloud) by extensions ['colcon_meta']
[0.156s] Level 1:colcon.colcon_core.package_identification:_identify(gaussian-splatting/output/720c6530-e/point_cloud) by extension 'colcon_meta'
[0.156s] Level 1:colcon.colcon_core.package_identification:_identify(gaussian-splatting/output/720c6530-e/point_cloud) by extensions ['ros']
[0.156s] Level 1:colcon.colcon_core.package_identification:_identify(gaussian-splatting/output/720c6530-e/point_cloud) by extension 'ros'
[0.156s] Level 1:colcon.colcon_core.package_identification:_identify(gaussian-splatting/output/720c6530-e/point_cloud) by extensions ['cmake', 'python']
[0.156s] Level 1:colcon.colcon_core.package_identification:_identify(gaussian-splatting/output/720c6530-e/point_cloud) by extension 'cmake'
[0.156s] Level 1:colcon.colcon_core.package_identification:_identify(gaussian-splatting/output/720c6530-e/point_cloud) by extension 'python'
[0.156s] Level 1:colcon.colcon_core.package_identification:_identify(gaussian-splatting/output/720c6530-e/point_cloud) by extensions ['python_setup_py']
[0.156s] Level 1:colcon.colcon_core.package_identification:_identify(gaussian-splatting/output/720c6530-e/point_cloud) by extension 'python_setup_py'
[0.156s] Level 1:colcon.colcon_core.package_identification:_identify(gaussian-splatting/output/720c6530-e/point_cloud/iteration_30000) by extensions ['ignore', 'ignore_ament_install']
[0.156s] Level 1:colcon.colcon_core.package_identification:_identify(gaussian-splatting/output/720c6530-e/point_cloud/iteration_30000) by extension 'ignore'
[0.156s] Level 1:colcon.colcon_core.package_identification:_identify(gaussian-splatting/output/720c6530-e/point_cloud/iteration_30000) by extension 'ignore_ament_install'
[0.156s] Level 1:colcon.colcon_core.package_identification:_identify(gaussian-splatting/output/720c6530-e/point_cloud/iteration_30000) by extensions ['colcon_pkg']
[0.156s] Level 1:colcon.colcon_core.package_identification:_identify(gaussian-splatting/output/720c6530-e/point_cloud/iteration_30000) by extension 'colcon_pkg'
[0.156s] Level 1:colcon.colcon_core.package_identification:_identify(gaussian-splatting/output/720c6530-e/point_cloud/iteration_30000) by extensions ['colcon_meta']
[0.156s] Level 1:colcon.colcon_core.package_identification:_identify(gaussian-splatting/output/720c6530-e/point_cloud/iteration_30000) by extension 'colcon_meta'
[0.156s] Level 1:colcon.colcon_core.package_identification:_identify(gaussian-splatting/output/720c6530-e/point_cloud/iteration_30000) by extensions ['ros']
[0.156s] Level 1:colcon.colcon_core.package_identification:_identify(gaussian-splatting/output/720c6530-e/point_cloud/iteration_30000) by extension 'ros'
[0.156s] Level 1:colcon.colcon_core.package_identification:_identify(gaussian-splatting/output/720c6530-e/point_cloud/iteration_30000) by extensions ['cmake', 'python']
[0.156s] Level 1:colcon.colcon_core.package_identification:_identify(gaussian-splatting/output/720c6530-e/point_cloud/iteration_30000) by extension 'cmake'
[0.156s] Level 1:colcon.colcon_core.package_identification:_identify(gaussian-splatting/output/720c6530-e/point_cloud/iteration_30000) by extension 'python'
[0.156s] Level 1:colcon.colcon_core.package_identification:_identify(gaussian-splatting/output/720c6530-e/point_cloud/iteration_30000) by extensions ['python_setup_py']
[0.156s] Level 1:colcon.colcon_core.package_identification:_identify(gaussian-splatting/output/720c6530-e/point_cloud/iteration_30000) by extension 'python_setup_py'
[0.157s] Level 1:colcon.colcon_core.package_identification:_identify(gaussian-splatting/output/720c6530-e/point_cloud/iteration_7000) by extensions ['ignore', 'ignore_ament_install']
[0.157s] Level 1:colcon.colcon_core.package_identification:_identify(gaussian-splatting/output/720c6530-e/point_cloud/iteration_7000) by extension 'ignore'
[0.157s] Level 1:colcon.colcon_core.package_identification:_identify(gaussian-splatting/output/720c6530-e/point_cloud/iteration_7000) by extension 'ignore_ament_install'
[0.157s] Level 1:colcon.colcon_core.package_identification:_identify(gaussian-splatting/output/720c6530-e/point_cloud/iteration_7000) by extensions ['colcon_pkg']
[0.157s] Level 1:colcon.colcon_core.package_identification:_identify(gaussian-splatting/output/720c6530-e/point_cloud/iteration_7000) by extension 'colcon_pkg'
[0.157s] Level 1:colcon.colcon_core.package_identification:_identify(gaussian-splatting/output/720c6530-e/point_cloud/iteration_7000) by extensions ['colcon_meta']
[0.157s] Level 1:colcon.colcon_core.package_identification:_identify(gaussian-splatting/output/720c6530-e/point_cloud/iteration_7000) by extension 'colcon_meta'
[0.157s] Level 1:colcon.colcon_core.package_identification:_identify(gaussian-splatting/output/720c6530-e/point_cloud/iteration_7000) by extensions ['ros']
[0.157s] Level 1:colcon.colcon_core.package_identification:_identify(gaussian-splatting/output/720c6530-e/point_cloud/iteration_7000) by extension 'ros'
[0.157s] Level 1:colcon.colcon_core.package_identification:_identify(gaussian-splatting/output/720c6530-e/point_cloud/iteration_7000) by extensions ['cmake', 'python']
[0.157s] Level 1:colcon.colcon_core.package_identification:_identify(gaussian-splatting/output/720c6530-e/point_cloud/iteration_7000) by extension 'cmake'
[0.157s] Level 1:colcon.colcon_core.package_identification:_identify(gaussian-splatting/output/720c6530-e/point_cloud/iteration_7000) by extension 'python'
[0.157s] Level 1:colcon.colcon_core.package_identification:_identify(gaussian-splatting/output/720c6530-e/point_cloud/iteration_7000) by extensions ['python_setup_py']
[0.157s] Level 1:colcon.colcon_core.package_identification:_identify(gaussian-splatting/output/720c6530-e/point_cloud/iteration_7000) by extension 'python_setup_py'
[0.157s] Level 1:colcon.colcon_core.package_identification:_identify(gaussian-splatting/scene) by extensions ['ignore', 'ignore_ament_install']
[0.157s] Level 1:colcon.colcon_core.package_identification:_identify(gaussian-splatting/scene) by extension 'ignore'
[0.157s] Level 1:colcon.colcon_core.package_identification:_identify(gaussian-splatting/scene) by extension 'ignore_ament_install'
[0.157s] Level 1:colcon.colcon_core.package_identification:_identify(gaussian-splatting/scene) by extensions ['colcon_pkg']
[0.157s] Level 1:colcon.colcon_core.package_identification:_identify(gaussian-splatting/scene) by extension 'colcon_pkg'
[0.157s] Level 1:colcon.colcon_core.package_identification:_identify(gaussian-splatting/scene) by extensions ['colcon_meta']
[0.157s] Level 1:colcon.colcon_core.package_identification:_identify(gaussian-splatting/scene) by extension 'colcon_meta'
[0.157s] Level 1:colcon.colcon_core.package_identification:_identify(gaussian-splatting/scene) by extensions ['ros']
[0.157s] Level 1:colcon.colcon_core.package_identification:_identify(gaussian-splatting/scene) by extension 'ros'
[0.157s] Level 1:colcon.colcon_core.package_identification:_identify(gaussian-splatting/scene) by extensions ['cmake', 'python']
[0.157s] Level 1:colcon.colcon_core.package_identification:_identify(gaussian-splatting/scene) by extension 'cmake'
[0.157s] Level 1:colcon.colcon_core.package_identification:_identify(gaussian-splatting/scene) by extension 'python'
[0.157s] Level 1:colcon.colcon_core.package_identification:_identify(gaussian-splatting/scene) by extensions ['python_setup_py']
[0.157s] Level 1:colcon.colcon_core.package_identification:_identify(gaussian-splatting/scene) by extension 'python_setup_py'
[0.157s] Level 1:colcon.colcon_core.package_identification:_identify(gaussian-splatting/scene/__pycache__) by extensions ['ignore', 'ignore_ament_install']
[0.157s] Level 1:colcon.colcon_core.package_identification:_identify(gaussian-splatting/scene/__pycache__) by extension 'ignore'
[0.157s] Level 1:colcon.colcon_core.package_identification:_identify(gaussian-splatting/scene/__pycache__) by extension 'ignore_ament_install'
[0.157s] Level 1:colcon.colcon_core.package_identification:_identify(gaussian-splatting/scene/__pycache__) by extensions ['colcon_pkg']
[0.157s] Level 1:colcon.colcon_core.package_identification:_identify(gaussian-splatting/scene/__pycache__) by extension 'colcon_pkg'
[0.157s] Level 1:colcon.colcon_core.package_identification:_identify(gaussian-splatting/scene/__pycache__) by extensions ['colcon_meta']
[0.157s] Level 1:colcon.colcon_core.package_identification:_identify(gaussian-splatting/scene/__pycache__) by extension 'colcon_meta'
[0.157s] Level 1:colcon.colcon_core.package_identification:_identify(gaussian-splatting/scene/__pycache__) by extensions ['ros']
[0.157s] Level 1:colcon.colcon_core.package_identification:_identify(gaussian-splatting/scene/__pycache__) by extension 'ros'
[0.157s] Level 1:colcon.colcon_core.package_identification:_identify(gaussian-splatting/scene/__pycache__) by extensions ['cmake', 'python']
[0.157s] Level 1:colcon.colcon_core.package_identification:_identify(gaussian-splatting/scene/__pycache__) by extension 'cmake'
[0.157s] Level 1:colcon.colcon_core.package_identification:_identify(gaussian-splatting/scene/__pycache__) by extension 'python'
[0.157s] Level 1:colcon.colcon_core.package_identification:_identify(gaussian-splatting/scene/__pycache__) by extensions ['python_setup_py']
[0.157s] Level 1:colcon.colcon_core.package_identification:_identify(gaussian-splatting/scene/__pycache__) by extension 'python_setup_py'
[0.157s] Level 1:colcon.colcon_core.package_identification:_identify(gaussian-splatting/submodules) by extensions ['ignore', 'ignore_ament_install']
[0.157s] Level 1:colcon.colcon_core.package_identification:_identify(gaussian-splatting/submodules) by extension 'ignore'
[0.157s] Level 1:colcon.colcon_core.package_identification:_identify(gaussian-splatting/submodules) by extension 'ignore_ament_install'
[0.157s] Level 1:colcon.colcon_core.package_identification:_identify(gaussian-splatting/submodules) by extensions ['colcon_pkg']
[0.157s] Level 1:colcon.colcon_core.package_identification:_identify(gaussian-splatting/submodules) by extension 'colcon_pkg'
[0.157s] Level 1:colcon.colcon_core.package_identification:_identify(gaussian-splatting/submodules) by extensions ['colcon_meta']
[0.157s] Level 1:colcon.colcon_core.package_identification:_identify(gaussian-splatting/submodules) by extension 'colcon_meta'
[0.157s] Level 1:colcon.colcon_core.package_identification:_identify(gaussian-splatting/submodules) by extensions ['ros']
[0.157s] Level 1:colcon.colcon_core.package_identification:_identify(gaussian-splatting/submodules) by extension 'ros'
[0.157s] Level 1:colcon.colcon_core.package_identification:_identify(gaussian-splatting/submodules) by extensions ['cmake', 'python']
[0.157s] Level 1:colcon.colcon_core.package_identification:_identify(gaussian-splatting/submodules) by extension 'cmake'
[0.157s] Level 1:colcon.colcon_core.package_identification:_identify(gaussian-splatting/submodules) by extension 'python'
[0.157s] Level 1:colcon.colcon_core.package_identification:_identify(gaussian-splatting/submodules) by extensions ['python_setup_py']
[0.157s] Level 1:colcon.colcon_core.package_identification:_identify(gaussian-splatting/submodules) by extension 'python_setup_py'
[0.158s] Level 1:colcon.colcon_core.package_identification:_identify(gaussian-splatting/submodules/diff-gaussian-rasterization) by extensions ['ignore', 'ignore_ament_install']
[0.158s] Level 1:colcon.colcon_core.package_identification:_identify(gaussian-splatting/submodules/diff-gaussian-rasterization) by extension 'ignore'
[0.158s] Level 1:colcon.colcon_core.package_identification:_identify(gaussian-splatting/submodules/diff-gaussian-rasterization) by extension 'ignore_ament_install'
[0.158s] Level 1:colcon.colcon_core.package_identification:_identify(gaussian-splatting/submodules/diff-gaussian-rasterization) by extensions ['colcon_pkg']
[0.158s] Level 1:colcon.colcon_core.package_identification:_identify(gaussian-splatting/submodules/diff-gaussian-rasterization) by extension 'colcon_pkg'
[0.158s] Level 1:colcon.colcon_core.package_identification:_identify(gaussian-splatting/submodules/diff-gaussian-rasterization) by extensions ['colcon_meta']
[0.158s] Level 1:colcon.colcon_core.package_identification:_identify(gaussian-splatting/submodules/diff-gaussian-rasterization) by extension 'colcon_meta'
[0.158s] Level 1:colcon.colcon_core.package_identification:_identify(gaussian-splatting/submodules/diff-gaussian-rasterization) by extensions ['ros']
[0.158s] Level 1:colcon.colcon_core.package_identification:_identify(gaussian-splatting/submodules/diff-gaussian-rasterization) by extension 'ros'
[0.158s] Level 1:colcon.colcon_core.package_identification:_identify(gaussian-splatting/submodules/diff-gaussian-rasterization) by extensions ['cmake', 'python']
[0.158s] Level 1:colcon.colcon_core.package_identification:_identify(gaussian-splatting/submodules/diff-gaussian-rasterization) by extension 'cmake'
[0.160s] Level 1:colcon.colcon_core.package_identification:_identify(gaussian-splatting/submodules/diff-gaussian-rasterization) by extension 'python'
[0.160s] DEBUG:colcon.colcon_core.package_identification:Package 'gaussian-splatting/submodules/diff-gaussian-rasterization' with type 'cmake' and name 'DiffRast'
[0.160s] Level 1:colcon.colcon_core.package_identification:_identify(gaussian-splatting/submodules/fused-ssim) by extensions ['ignore', 'ignore_ament_install']
[0.160s] Level 1:colcon.colcon_core.package_identification:_identify(gaussian-splatting/submodules/fused-ssim) by extension 'ignore'
[0.160s] Level 1:colcon.colcon_core.package_identification:_identify(gaussian-splatting/submodules/fused-ssim) by extension 'ignore_ament_install'
[0.160s] Level 1:colcon.colcon_core.package_identification:_identify(gaussian-splatting/submodules/fused-ssim) by extensions ['colcon_pkg']
[0.160s] Level 1:colcon.colcon_core.package_identification:_identify(gaussian-splatting/submodules/fused-ssim) by extension 'colcon_pkg'
[0.160s] Level 1:colcon.colcon_core.package_identification:_identify(gaussian-splatting/submodules/fused-ssim) by extensions ['colcon_meta']
[0.160s] Level 1:colcon.colcon_core.package_identification:_identify(gaussian-splatting/submodules/fused-ssim) by extension 'colcon_meta'
[0.160s] Level 1:colcon.colcon_core.package_identification:_identify(gaussian-splatting/submodules/fused-ssim) by extensions ['ros']
[0.160s] Level 1:colcon.colcon_core.package_identification:_identify(gaussian-splatting/submodules/fused-ssim) by extension 'ros'
[0.160s] Level 1:colcon.colcon_core.package_identification:_identify(gaussian-splatting/submodules/fused-ssim) by extensions ['cmake', 'python']
[0.160s] Level 1:colcon.colcon_core.package_identification:_identify(gaussian-splatting/submodules/fused-ssim) by extension 'cmake'
[0.160s] Level 1:colcon.colcon_core.package_identification:_identify(gaussian-splatting/submodules/fused-ssim) by extension 'python'
[0.160s] Level 1:colcon.colcon_core.package_identification:_identify(gaussian-splatting/submodules/fused-ssim) by extensions ['python_setup_py']
[0.160s] Level 1:colcon.colcon_core.package_identification:_identify(gaussian-splatting/submodules/fused-ssim) by extension 'python_setup_py'
[1.199s] DEBUG:colcon.colcon_core.package_identification:Package 'gaussian-splatting/submodules/fused-ssim' with type 'python' and name 'fused_ssim'
[1.199s] Level 1:colcon.colcon_core.package_identification:_identify(gaussian-splatting/submodules/simple-knn) by extensions ['ignore', 'ignore_ament_install']
[1.199s] Level 1:colcon.colcon_core.package_identification:_identify(gaussian-splatting/submodules/simple-knn) by extension 'ignore'
[1.199s] Level 1:colcon.colcon_core.package_identification:_identify(gaussian-splatting/submodules/simple-knn) by extension 'ignore_ament_install'
[1.199s] Level 1:colcon.colcon_core.package_identification:_identify(gaussian-splatting/submodules/simple-knn) by extensions ['colcon_pkg']
[1.200s] Level 1:colcon.colcon_core.package_identification:_identify(gaussian-splatting/submodules/simple-knn) by extension 'colcon_pkg'
[1.200s] Level 1:colcon.colcon_core.package_identification:_identify(gaussian-splatting/submodules/simple-knn) by extensions ['colcon_meta']
[1.200s] Level 1:colcon.colcon_core.package_identification:_identify(gaussian-splatting/submodules/simple-knn) by extension 'colcon_meta'
[1.200s] Level 1:colcon.colcon_core.package_identification:_identify(gaussian-splatting/submodules/simple-knn) by extensions ['ros']
[1.200s] Level 1:colcon.colcon_core.package_identification:_identify(gaussian-splatting/submodules/simple-knn) by extension 'ros'
[1.200s] Level 1:colcon.colcon_core.package_identification:_identify(gaussian-splatting/submodules/simple-knn) by extensions ['cmake', 'python']
[1.200s] Level 1:colcon.colcon_core.package_identification:_identify(gaussian-splatting/submodules/simple-knn) by extension 'cmake'
[1.200s] Level 1:colcon.colcon_core.package_identification:_identify(gaussian-splatting/submodules/simple-knn) by extension 'python'
[1.200s] Level 1:colcon.colcon_core.package_identification:_identify(gaussian-splatting/submodules/simple-knn) by extensions ['python_setup_py']
[1.200s] Level 1:colcon.colcon_core.package_identification:_identify(gaussian-splatting/submodules/simple-knn) by extension 'python_setup_py'
[2.218s] DEBUG:colcon.colcon_core.package_identification:Package 'gaussian-splatting/submodules/simple-knn' with type 'python' and name 'simple_knn'
[2.218s] Level 1:colcon.colcon_core.package_identification:_identify(gaussian-splatting/utils) by extensions ['ignore', 'ignore_ament_install']
[2.218s] Level 1:colcon.colcon_core.package_identification:_identify(gaussian-splatting/utils) by extension 'ignore'
[2.218s] Level 1:colcon.colcon_core.package_identification:_identify(gaussian-splatting/utils) by extension 'ignore_ament_install'
[2.218s] Level 1:colcon.colcon_core.package_identification:_identify(gaussian-splatting/utils) by extensions ['colcon_pkg']
[2.218s] Level 1:colcon.colcon_core.package_identification:_identify(gaussian-splatting/utils) by extension 'colcon_pkg'
[2.218s] Level 1:colcon.colcon_core.package_identification:_identify(gaussian-splatting/utils) by extensions ['colcon_meta']
[2.218s] Level 1:colcon.colcon_core.package_identification:_identify(gaussian-splatting/utils) by extension 'colcon_meta'
[2.218s] Level 1:colcon.colcon_core.package_identification:_identify(gaussian-splatting/utils) by extensions ['ros']
[2.218s] Level 1:colcon.colcon_core.package_identification:_identify(gaussian-splatting/utils) by extension 'ros'
[2.218s] Level 1:colcon.colcon_core.package_identification:_identify(gaussian-splatting/utils) by extensions ['cmake', 'python']
[2.218s] Level 1:colcon.colcon_core.package_identification:_identify(gaussian-splatting/utils) by extension 'cmake'
[2.218s] Level 1:colcon.colcon_core.package_identification:_identify(gaussian-splatting/utils) by extension 'python'
[2.218s] Level 1:colcon.colcon_core.package_identification:_identify(gaussian-splatting/utils) by extensions ['python_setup_py']
[2.218s] Level 1:colcon.colcon_core.package_identification:_identify(gaussian-splatting/utils) by extension 'python_setup_py'
[2.218s] Level 1:colcon.colcon_core.package_identification:_identify(gaussian-splatting/utils/__pycache__) by extensions ['ignore', 'ignore_ament_install']
[2.218s] Level 1:colcon.colcon_core.package_identification:_identify(gaussian-splatting/utils/__pycache__) by extension 'ignore'
[2.218s] Level 1:colcon.colcon_core.package_identification:_identify(gaussian-splatting/utils/__pycache__) by extension 'ignore_ament_install'
[2.218s] Level 1:colcon.colcon_core.package_identification:_identify(gaussian-splatting/utils/__pycache__) by extensions ['colcon_pkg']
[2.218s] Level 1:colcon.colcon_core.package_identification:_identify(gaussian-splatting/utils/__pycache__) by extension 'colcon_pkg'
[2.218s] Level 1:colcon.colcon_core.package_identification:_identify(gaussian-splatting/utils/__pycache__) by extensions ['colcon_meta']
[2.218s] Level 1:colcon.colcon_core.package_identification:_identify(gaussian-splatting/utils/__pycache__) by extension 'colcon_meta'
[2.218s] Level 1:colcon.colcon_core.package_identification:_identify(gaussian-splatting/utils/__pycache__) by extensions ['ros']
[2.218s] Level 1:colcon.colcon_core.package_identification:_identify(gaussian-splatting/utils/__pycache__) by extension 'ros'
[2.219s] Level 1:colcon.colcon_core.package_identification:_identify(gaussian-splatting/utils/__pycache__) by extensions ['cmake', 'python']
[2.219s] Level 1:colcon.colcon_core.package_identification:_identify(gaussian-splatting/utils/__pycache__) by extension 'cmake'
[2.219s] Level 1:colcon.colcon_core.package_identification:_identify(gaussian-splatting/utils/__pycache__) by extension 'python'
[2.219s] Level 1:colcon.colcon_core.package_identification:_identify(gaussian-splatting/utils/__pycache__) by extensions ['python_setup_py']
[2.219s] Level 1:colcon.colcon_core.package_identification:_identify(gaussian-splatting/utils/__pycache__) by extension 'python_setup_py'
[2.219s] Level 1:colcon.colcon_core.package_identification:_identify(gaussian_splatting_ros) by extensions ['ignore', 'ignore_ament_install']
[2.219s] Level 1:colcon.colcon_core.package_identification:_identify(gaussian_splatting_ros) by extension 'ignore'
[2.219s] Level 1:colcon.colcon_core.package_identification:_identify(gaussian_splatting_ros) by extension 'ignore_ament_install'
[2.219s] Level 1:colcon.colcon_core.package_identification:_identify(gaussian_splatting_ros) by extensions ['colcon_pkg']
[2.219s] Level 1:colcon.colcon_core.package_identification:_identify(gaussian_splatting_ros) by extension 'colcon_pkg'
[2.219s] Level 1:colcon.colcon_core.package_identification:_identify(gaussian_splatting_ros) by extensions ['colcon_meta']
[2.219s] Level 1:colcon.colcon_core.package_identification:_identify(gaussian_splatting_ros) by extension 'colcon_meta'
[2.219s] Level 1:colcon.colcon_core.package_identification:_identify(gaussian_splatting_ros) by extensions ['ros']
[2.219s] Level 1:colcon.colcon_core.package_identification:_identify(gaussian_splatting_ros) by extension 'ros'
[2.220s] DEBUG:colcon.colcon_core.package_identification:Package 'gaussian_splatting_ros' with type 'ros.ament_python' and name 'gaussian_splatting_ros'
[2.220s] Level 1:colcon.colcon_core.package_identification:_identify(install) by extensions ['ignore', 'ignore_ament_install']
[2.220s] Level 1:colcon.colcon_core.package_identification:_identify(install) by extension 'ignore'
[2.220s] Level 1:colcon.colcon_core.package_identification:_identify(install) ignored
[2.220s] Level 1:colcon.colcon_core.package_identification:_identify(log) by extensions ['ignore', 'ignore_ament_install']
[2.220s] Level 1:colcon.colcon_core.package_identification:_identify(log) by extension 'ignore'
[2.220s] Level 1:colcon.colcon_core.package_identification:_identify(log) ignored
[2.220s] Level 1:colcon.colcon_core.package_identification:_identify(ros2_orb_slam3) by extensions ['ignore', 'ignore_ament_install']
[2.220s] Level 1:colcon.colcon_core.package_identification:_identify(ros2_orb_slam3) by extension 'ignore'
[2.220s] Level 1:colcon.colcon_core.package_identification:_identify(ros2_orb_slam3) by extension 'ignore_ament_install'
[2.220s] Level 1:colcon.colcon_core.package_identification:_identify(ros2_orb_slam3) by extensions ['colcon_pkg']
[2.220s] Level 1:colcon.colcon_core.package_identification:_identify(ros2_orb_slam3) by extension 'colcon_pkg'
[2.220s] Level 1:colcon.colcon_core.package_identification:_identify(ros2_orb_slam3) by extensions ['colcon_meta']
[2.220s] Level 1:colcon.colcon_core.package_identification:_identify(ros2_orb_slam3) by extension 'colcon_meta'
[2.220s] Level 1:colcon.colcon_core.package_identification:_identify(ros2_orb_slam3) by extensions ['ros']
[2.220s] Level 1:colcon.colcon_core.package_identification:_identify(ros2_orb_slam3) by extension 'ros'
[2.221s] DEBUG:colcon.colcon_core.package_identification:Package 'ros2_orb_slam3' with type 'ros.ament_cmake' and name 'ros2_orb_slam3'
[2.221s] Level 1:colcon.colcon_core.package_discovery:discover_packages(recursive) using defaults
[2.221s] Level 1:colcon.colcon_core.package_discovery:discover_packages(ignore) discover
[2.221s] Level 1:colcon.colcon_core.package_discovery:discover_packages(ignore) using defaults
[2.221s] Level 1:colcon.colcon_core.package_discovery:discover_packages(path) discover
[2.221s] Level 1:colcon.colcon_core.package_discovery:discover_packages(path) using defaults
[2.235s] INFO:colcon.colcon_core.package_selection:Skipping not selected package 'DiffRast' in 'gaussian-splatting/submodules/diff-gaussian-rasterization'
[2.235s] INFO:colcon.colcon_core.package_selection:Skipping not selected package 'fused_ssim' in 'gaussian-splatting/submodules/fused-ssim'
[2.235s] INFO:colcon.colcon_core.package_selection:Skipping not selected package 'gaussian_splatting_ros' in 'gaussian_splatting_ros'
[2.235s] INFO:colcon.colcon_core.package_selection:Skipping not selected package 'sibr_projects' in 'gaussian-splatting/SIBR_viewers'
[2.235s] INFO:colcon.colcon_core.package_selection:Skipping not selected package 'simple_knn' in 'gaussian-splatting/submodules/simple-knn'
[2.235s] Level 1:colcon.colcon_core.package_discovery:discover_packages(prefix_path) check parameters
[2.235s] Level 1:colcon.colcon_core.package_discovery:discover_packages(prefix_path) discover
[2.236s] WARNING:colcon.colcon_ros.prefix_path.ament:The path '/home/jk/ros2_test/install/ros2_orb_slam3' in the environment variable AMENT_PREFIX_PATH doesn't exist
[2.236s] WARNING:colcon.colcon_ros.prefix_path.catkin:The path '/home/jk/ros2_test/install/ros2_orb_slam3' in the environment variable CMAKE_PREFIX_PATH doesn't exist
[2.236s] DEBUG:colcon.colcon_installed_package_information.package_discovery:Found 1 installed packages in /home/jk/ros2_test/src/install
[2.236s] DEBUG:colcon.colcon_installed_package_information.package_discovery:Found 1 installed packages in /home/jk/ros2_test/install
[2.236s] DEBUG:colcon.colcon_installed_package_information.package_discovery:Found 1 installed packages in /home/jk/install
[2.237s] DEBUG:colcon.colcon_installed_package_information.package_discovery:Found 271 installed packages in /opt/ros/humble
[2.238s] Level 1:colcon.colcon_core.package_discovery:discover_packages(prefix_path) using defaults
[2.254s] Level 5:colcon.colcon_core.verb:set package 'ros2_orb_slam3' build argument 'cmake_args' from command line to 'None'
[2.254s] Level 5:colcon.colcon_core.verb:set package 'ros2_orb_slam3' build argument 'cmake_target' from command line to 'None'
[2.254s] Level 5:colcon.colcon_core.verb:set package 'ros2_orb_slam3' build argument 'cmake_target_skip_unavailable' from command line to 'False'
[2.254s] Level 5:colcon.colcon_core.verb:set package 'ros2_orb_slam3' build argument 'cmake_clean_cache' from command line to 'False'
[2.254s] Level 5:colcon.colcon_core.verb:set package 'ros2_orb_slam3' build argument 'cmake_clean_first' from command line to 'False'
[2.254s] Level 5:colcon.colcon_core.verb:set package 'ros2_orb_slam3' build argument 'cmake_force_configure' from command line to 'False'
[2.254s] Level 5:colcon.colcon_core.verb:set package 'ros2_orb_slam3' build argument 'ament_cmake_args' from command line to 'None'
[2.254s] Level 5:colcon.colcon_core.verb:set package 'ros2_orb_slam3' build argument 'catkin_cmake_args' from command line to 'None'
[2.254s] Level 5:colcon.colcon_core.verb:set package 'ros2_orb_slam3' build argument 'catkin_skip_building_tests' from command line to 'False'
[2.254s] DEBUG:colcon.colcon_core.verb:Building package 'ros2_orb_slam3' with the following arguments: {'ament_cmake_args': None, 'build_base': '/home/jk/ros2_test/src/build/ros2_orb_slam3', 'catkin_cmake_args': None, 'catkin_skip_building_tests': False, 'cmake_args': None, 'cmake_clean_cache': False, 'cmake_clean_first': False, 'cmake_force_configure': False, 'cmake_target': None, 'cmake_target_skip_unavailable': False, 'install_base': '/home/jk/ros2_test/src/install/ros2_orb_slam3', 'merge_install': False, 'path': '/home/jk/ros2_test/src/ros2_orb_slam3', 'symlink_install': False, 'test_result_base': None}
[2.254s] INFO:colcon.colcon_core.executor:Executing jobs using 'parallel' executor
[2.255s] DEBUG:colcon.colcon_parallel_executor.executor.parallel:run_until_complete
[2.255s] INFO:colcon.colcon_ros.task.ament_cmake.build:Building ROS package in '/home/jk/ros2_test/src/ros2_orb_slam3' with build type 'ament_cmake'
[2.255s] INFO:colcon.colcon_cmake.task.cmake.build:Building CMake package in '/home/jk/ros2_test/src/ros2_orb_slam3'
[2.256s] INFO:colcon.colcon_core.plugin_system:Skipping extension 'colcon_core.shell.bat': Not used on non-Windows systems
[2.256s] INFO:colcon.colcon_core.shell:Skip shell extension 'powershell' for command environment: Not usable outside of PowerShell
[2.256s] DEBUG:colcon.colcon_core.shell:Skip shell extension 'dsv' for command environment
[2.261s] DEBUG:colcon.colcon_core.event_handler.log_command:Invoking command in '/home/jk/ros2_test/src/build/ros2_orb_slam3': CMAKE_PREFIX_PATH=${CMAKE_PREFIX_PATH}:/home/jk/ros2_test/src/install/gaussian_splatting_ros:/opt/ros/humble /usr/bin/cmake /home/jk/ros2_test/src/ros2_orb_slam3 -DCMAKE_INSTALL_PREFIX=/home/jk/ros2_test/src/install/ros2_orb_slam3
[3.579s] DEBUG:colcon.colcon_core.event_handler.log_command:Invoked command in '/home/jk/ros2_test/src/build/ros2_orb_slam3' returned '0': CMAKE_PREFIX_PATH=${CMAKE_PREFIX_PATH}:/home/jk/ros2_test/src/install/gaussian_splatting_ros:/opt/ros/humble /usr/bin/cmake /home/jk/ros2_test/src/ros2_orb_slam3 -DCMAKE_INSTALL_PREFIX=/home/jk/ros2_test/src/install/ros2_orb_slam3
[3.580s] DEBUG:colcon.colcon_core.event_handler.log_command:Invoking command in '/home/jk/ros2_test/src/build/ros2_orb_slam3': CMAKE_PREFIX_PATH=${CMAKE_PREFIX_PATH}:/home/jk/ros2_test/src/install/gaussian_splatting_ros:/opt/ros/humble /usr/bin/cmake --build /home/jk/ros2_test/src/build/ros2_orb_slam3 -- -j24 -l24
[101.600s] DEBUG:colcon.colcon_core.event_handler.log_command:Invoked command in '/home/jk/ros2_test/src/build/ros2_orb_slam3' returned '0': CMAKE_PREFIX_PATH=${CMAKE_PREFIX_PATH}:/home/jk/ros2_test/src/install/gaussian_splatting_ros:/opt/ros/humble /usr/bin/cmake --build /home/jk/ros2_test/src/build/ros2_orb_slam3 -- -j24 -l24
[101.607s] DEBUG:colcon.colcon_core.event_handler.log_command:Invoking command in '/home/jk/ros2_test/src/build/ros2_orb_slam3': CMAKE_PREFIX_PATH=${CMAKE_PREFIX_PATH}:/home/jk/ros2_test/src/install/gaussian_splatting_ros:/opt/ros/humble /usr/bin/cmake --install /home/jk/ros2_test/src/build/ros2_orb_slam3
[101.653s] Level 1:colcon.colcon_core.environment:create_environment_scripts_only(ros2_orb_slam3)
[101.654s] DEBUG:colcon.colcon_core.event_handler.log_command:Invoked command in '/home/jk/ros2_test/src/build/ros2_orb_slam3' returned '0': CMAKE_PREFIX_PATH=${CMAKE_PREFIX_PATH}:/home/jk/ros2_test/src/install/gaussian_splatting_ros:/opt/ros/humble /usr/bin/cmake --install /home/jk/ros2_test/src/build/ros2_orb_slam3
[101.655s] Level 1:colcon.colcon_core.environment:checking '/home/jk/ros2_test/src/install/ros2_orb_slam3' for CMake module files
[101.655s] Level 1:colcon.colcon_core.environment:checking '/home/jk/ros2_test/src/install/ros2_orb_slam3' for CMake config files
[101.655s] Level 1:colcon.colcon_core.shell:create_environment_hook('ros2_orb_slam3', 'cmake_prefix_path')
[101.655s] INFO:colcon.colcon_core.shell:Creating environment hook '/home/jk/ros2_test/src/install/ros2_orb_slam3/share/ros2_orb_slam3/hook/cmake_prefix_path.ps1'
[101.656s] INFO:colcon.colcon_core.shell:Creating environment descriptor '/home/jk/ros2_test/src/install/ros2_orb_slam3/share/ros2_orb_slam3/hook/cmake_prefix_path.dsv'
[101.656s] INFO:colcon.colcon_core.shell:Creating environment hook '/home/jk/ros2_test/src/install/ros2_orb_slam3/share/ros2_orb_slam3/hook/cmake_prefix_path.sh'
[101.656s] Level 1:colcon.colcon_core.environment:checking '/home/jk/ros2_test/src/install/ros2_orb_slam3/lib'
[101.656s] Level 1:colcon.colcon_core.shell:create_environment_hook('ros2_orb_slam3', 'ld_library_path_lib')
[101.656s] INFO:colcon.colcon_core.shell:Creating environment hook '/home/jk/ros2_test/src/install/ros2_orb_slam3/share/ros2_orb_slam3/hook/ld_library_path_lib.ps1'
[101.657s] INFO:colcon.colcon_core.shell:Creating environment descriptor '/home/jk/ros2_test/src/install/ros2_orb_slam3/share/ros2_orb_slam3/hook/ld_library_path_lib.dsv'
[101.657s] INFO:colcon.colcon_core.shell:Creating environment hook '/home/jk/ros2_test/src/install/ros2_orb_slam3/share/ros2_orb_slam3/hook/ld_library_path_lib.sh'
[101.657s] Level 1:colcon.colcon_core.environment:checking '/home/jk/ros2_test/src/install/ros2_orb_slam3/bin'
[101.657s] Level 1:colcon.colcon_core.environment:checking '/home/jk/ros2_test/src/install/ros2_orb_slam3/lib/pkgconfig/ros2_orb_slam3.pc'
[101.657s] Level 1:colcon.colcon_core.environment:checking '/home/jk/ros2_test/src/install/ros2_orb_slam3/lib/python3.10/site-packages'
[101.657s] Level 1:colcon.colcon_core.environment:checking '/home/jk/ros2_test/src/install/ros2_orb_slam3/bin'
[101.657s] INFO:colcon.colcon_core.shell:Creating package script '/home/jk/ros2_test/src/install/ros2_orb_slam3/share/ros2_orb_slam3/package.ps1'
[101.658s] INFO:colcon.colcon_core.shell:Creating package descriptor '/home/jk/ros2_test/src/install/ros2_orb_slam3/share/ros2_orb_slam3/package.dsv'
[101.658s] INFO:colcon.colcon_core.shell:Creating package script '/home/jk/ros2_test/src/install/ros2_orb_slam3/share/ros2_orb_slam3/package.sh'
[101.658s] INFO:colcon.colcon_core.shell:Creating package script '/home/jk/ros2_test/src/install/ros2_orb_slam3/share/ros2_orb_slam3/package.bash'
[101.659s] INFO:colcon.colcon_core.shell:Creating package script '/home/jk/ros2_test/src/install/ros2_orb_slam3/share/ros2_orb_slam3/package.zsh'
[101.659s] Level 1:colcon.colcon_core.environment:create_file_with_runtime_dependencies(/home/jk/ros2_test/src/install/ros2_orb_slam3/share/colcon-core/packages/ros2_orb_slam3)
[101.659s] Level 1:colcon.colcon_core.environment:create_environment_scripts_only(ros2_orb_slam3)
[101.659s] Level 1:colcon.colcon_core.environment:checking '/home/jk/ros2_test/src/install/ros2_orb_slam3' for CMake module files
[101.660s] Level 1:colcon.colcon_core.environment:checking '/home/jk/ros2_test/src/install/ros2_orb_slam3' for CMake config files
[101.660s] Level 1:colcon.colcon_core.shell:create_environment_hook('ros2_orb_slam3', 'cmake_prefix_path')
[101.660s] INFO:colcon.colcon_core.shell:Creating environment hook '/home/jk/ros2_test/src/install/ros2_orb_slam3/share/ros2_orb_slam3/hook/cmake_prefix_path.ps1'
[101.660s] INFO:colcon.colcon_core.shell:Creating environment descriptor '/home/jk/ros2_test/src/install/ros2_orb_slam3/share/ros2_orb_slam3/hook/cmake_prefix_path.dsv'
[101.660s] INFO:colcon.colcon_core.shell:Creating environment hook '/home/jk/ros2_test/src/install/ros2_orb_slam3/share/ros2_orb_slam3/hook/cmake_prefix_path.sh'
[101.660s] Level 1:colcon.colcon_core.environment:checking '/home/jk/ros2_test/src/install/ros2_orb_slam3/lib'
[101.660s] Level 1:colcon.colcon_core.shell:create_environment_hook('ros2_orb_slam3', 'ld_library_path_lib')
[101.661s] INFO:colcon.colcon_core.shell:Creating environment hook '/home/jk/ros2_test/src/install/ros2_orb_slam3/share/ros2_orb_slam3/hook/ld_library_path_lib.ps1'
[101.661s] INFO:colcon.colcon_core.shell:Creating environment descriptor '/home/jk/ros2_test/src/install/ros2_orb_slam3/share/ros2_orb_slam3/hook/ld_library_path_lib.dsv'
[101.661s] INFO:colcon.colcon_core.shell:Creating environment hook '/home/jk/ros2_test/src/install/ros2_orb_slam3/share/ros2_orb_slam3/hook/ld_library_path_lib.sh'
[101.661s] Level 1:colcon.colcon_core.environment:checking '/home/jk/ros2_test/src/install/ros2_orb_slam3/bin'
[101.661s] Level 1:colcon.colcon_core.environment:checking '/home/jk/ros2_test/src/install/ros2_orb_slam3/lib/pkgconfig/ros2_orb_slam3.pc'
[101.661s] Level 1:colcon.colcon_core.environment:checking '/home/jk/ros2_test/src/install/ros2_orb_slam3/lib/python3.10/site-packages'
[101.661s] Level 1:colcon.colcon_core.environment:checking '/home/jk/ros2_test/src/install/ros2_orb_slam3/bin'
[101.661s] INFO:colcon.colcon_core.shell:Creating package script '/home/jk/ros2_test/src/install/ros2_orb_slam3/share/ros2_orb_slam3/package.ps1'
[101.662s] INFO:colcon.colcon_core.shell:Creating package descriptor '/home/jk/ros2_test/src/install/ros2_orb_slam3/share/ros2_orb_slam3/package.dsv'
[101.662s] INFO:colcon.colcon_core.shell:Creating package script '/home/jk/ros2_test/src/install/ros2_orb_slam3/share/ros2_orb_slam3/package.sh'
[101.662s] INFO:colcon.colcon_core.shell:Creating package script '/home/jk/ros2_test/src/install/ros2_orb_slam3/share/ros2_orb_slam3/package.bash'
[101.662s] INFO:colcon.colcon_core.shell:Creating package script '/home/jk/ros2_test/src/install/ros2_orb_slam3/share/ros2_orb_slam3/package.zsh'
[101.662s] Level 1:colcon.colcon_core.environment:create_file_with_runtime_dependencies(/home/jk/ros2_test/src/install/ros2_orb_slam3/share/colcon-core/packages/ros2_orb_slam3)
[101.663s] DEBUG:colcon.colcon_parallel_executor.executor.parallel:closing loop
[101.663s] DEBUG:colcon.colcon_parallel_executor.executor.parallel:loop closed
[101.663s] DEBUG:colcon.colcon_parallel_executor.executor.parallel:run_until_complete finished with '0'
[101.663s] DEBUG:colcon.colcon_core.event_reactor:joining thread
[101.743s] INFO:colcon.colcon_core.plugin_system:Skipping extension 'colcon_notification.desktop_notification.terminal_notifier': Not used on non-Darwin systems
[101.743s] INFO:colcon.colcon_core.plugin_system:Skipping extension 'colcon_notification.desktop_notification.win32': Not used on non-Windows systems
[101.743s] INFO:colcon.colcon_notification.desktop_notification:Sending desktop notification using 'notify2'
[101.749s] DEBUG:colcon.colcon_core.event_reactor:joined thread
[101.750s] INFO:colcon.colcon_core.shell:Creating prefix script '/home/jk/ros2_test/src/install/local_setup.ps1'
[101.750s] INFO:colcon.colcon_core.shell:Creating prefix util module '/home/jk/ros2_test/src/install/_local_setup_util_ps1.py'
[101.751s] INFO:colcon.colcon_core.shell:Creating prefix chain script '/home/jk/ros2_test/src/install/setup.ps1'
[101.751s] INFO:colcon.colcon_core.shell:Creating prefix script '/home/jk/ros2_test/src/install/local_setup.sh'
[101.752s] INFO:colcon.colcon_core.shell:Creating prefix util module '/home/jk/ros2_test/src/install/_local_setup_util_sh.py'
[101.752s] INFO:colcon.colcon_core.shell:Creating prefix chain script '/home/jk/ros2_test/src/install/setup.sh'
[101.752s] INFO:colcon.colcon_core.shell:Creating prefix script '/home/jk/ros2_test/src/install/local_setup.bash'
[101.753s] INFO:colcon.colcon_core.shell:Creating prefix chain script '/home/jk/ros2_test/src/install/setup.bash'
[101.753s] INFO:colcon.colcon_core.shell:Creating prefix script '/home/jk/ros2_test/src/install/local_setup.zsh'
[101.753s] INFO:colcon.colcon_core.shell:Creating prefix chain script '/home/jk/ros2_test/src/install/setup.zsh'
