running egg_info
creating ../build/gaussian_splatting_ros/gaussian_splatting_ros.egg-info
writing ../build/gaussian_splatting_ros/gaussian_splatting_ros.egg-info/PKG-INFO
writing dependency_links to ../build/gaussian_splatting_ros/gaussian_splatting_ros.egg-info/dependency_links.txt
writing entry points to ../build/gaussian_splatting_ros/gaussian_splatting_ros.egg-info/entry_points.txt
writing requirements to ../build/gaussian_splatting_ros/gaussian_splatting_ros.egg-info/requires.txt
writing top-level names to ../build/gaussian_splatting_ros/gaussian_splatting_ros.egg-info/top_level.txt
writing manifest file '../build/gaussian_splatting_ros/gaussian_splatting_ros.egg-info/SOURCES.txt'
reading manifest file '../build/gaussian_splatting_ros/gaussian_splatting_ros.egg-info/SOURCES.txt'
writing manifest file '../build/gaussian_splatting_ros/gaussian_splatting_ros.egg-info/SOURCES.txt'
running build
running build_py
creating /home/jk/ros2_test/src/build/gaussian_splatting_ros/build
creating /home/jk/ros2_test/src/build/gaussian_splatting_ros/build/lib
creating /home/jk/ros2_test/src/build/gaussian_splatting_ros/build/lib/gaussian_splatting_ros
copying gaussian_splatting_ros/__init__.py -> /home/jk/ros2_test/src/build/gaussian_splatting_ros/build/lib/gaussian_splatting_ros
copying gaussian_splatting_ros/gs_launcher_node.py -> /home/jk/ros2_test/src/build/gaussian_splatting_ros/build/lib/gaussian_splatting_ros
running install
running install_lib
creating /home/jk/ros2_test/src/install/gaussian_splatting_ros/lib/python3.10/site-packages/gaussian_splatting_ros
copying /home/jk/ros2_test/src/build/gaussian_splatting_ros/build/lib/gaussian_splatting_ros/__init__.py -> /home/jk/ros2_test/src/install/gaussian_splatting_ros/lib/python3.10/site-packages/gaussian_splatting_ros
copying /home/jk/ros2_test/src/build/gaussian_splatting_ros/build/lib/gaussian_splatting_ros/gs_launcher_node.py -> /home/jk/ros2_test/src/install/gaussian_splatting_ros/lib/python3.10/site-packages/gaussian_splatting_ros
byte-compiling /home/jk/ros2_test/src/install/gaussian_splatting_ros/lib/python3.10/site-packages/gaussian_splatting_ros/__init__.py to __init__.cpython-310.pyc
byte-compiling /home/jk/ros2_test/src/install/gaussian_splatting_ros/lib/python3.10/site-packages/gaussian_splatting_ros/gs_launcher_node.py to gs_launcher_node.cpython-310.pyc
running install_data
creating /home/jk/ros2_test/src/install/gaussian_splatting_ros/share
creating /home/jk/ros2_test/src/install/gaussian_splatting_ros/share/ament_index
creating /home/jk/ros2_test/src/install/gaussian_splatting_ros/share/ament_index/resource_index
creating /home/jk/ros2_test/src/install/gaussian_splatting_ros/share/ament_index/resource_index/packages
copying resource/gaussian_splatting_ros -> /home/jk/ros2_test/src/install/gaussian_splatting_ros/share/ament_index/resource_index/packages
creating /home/jk/ros2_test/src/install/gaussian_splatting_ros/share/gaussian_splatting_ros
copying package.xml -> /home/jk/ros2_test/src/install/gaussian_splatting_ros/share/gaussian_splatting_ros
running install_egg_info
Copying ../build/gaussian_splatting_ros/gaussian_splatting_ros.egg-info to /home/jk/ros2_test/src/install/gaussian_splatting_ros/lib/python3.10/site-packages/gaussian_splatting_ros-0.1.0-py3.10.egg-info
running install_scripts
Installing gs_launcher_node script to /home/jk/ros2_test/src/install/gaussian_splatting_ros/lib/gaussian_splatting_ros
writing list of installed files to '/home/jk/ros2_test/src/build/gaussian_splatting_ros/install.log'
