-- Git found: /usr/bin/git
-- SIBR version :
 BRANCH 
 COMMIT_HASH 
 TAG 
 VERSION -
-- Install path set to /home/jk/ros2_test/src/gaussian-splatting/SIBR_viewers/install.
-- 

****************** Handling core dependencies ******************
-- FindGLEW: did not find GLEW CMake config file. Searching for libraries.
-- FindGLEW: GLEW_USE_STATIC_LIBS is undefined. Treated as FALSE.
-- FindGLEW: GLEW_INCLUDE_DIR: /usr/include
-- FindGLEW: GLEW_INCLUDE_DIRS: /usr/include
-- FindGLEW: CMAKE_FIND_LIBRARY_SUFFIXES for SHARED: .so;.a
-- FindGLEW: CMAKE_FIND_LIBRARY_SUFFIXES for STATIC: .so
-- FindGLEW: GLEW_SHARED_LIBRARY_RELEASE: /usr/lib/x86_64-linux-gnu/libGLEW.so
-- FindGLEW: GLEW_STATIC_LIBRARY_RELEASE: /usr/lib/x86_64-linux-gnu/libGLEW.a
-- FindGLEW: GLEW_SHARED_LIBRARY_DEBUG: GLEW_SHARED_LIBRARY_DEBUG-NOTFOUND
-- FindGLEW: GLEW_STATIC_LIBRARY_DEBUG: GLEW_STATIC_LIBRARY_DEBUG-NOTFOUND
-- FindGLEW: GLEW_SHARED_LIBRARY: /usr/lib/x86_64-linux-gnu/libGLEW.so
-- FindGLEW: GLEW_STATIC_LIBRARY: /usr/lib/x86_64-linux-gnu/libGLEW.a
-- FindGLEW: GLEW_LIBRARIES: /usr/lib/x86_64-linux-gnu/libGLEW.so
-- FindGLEW: GLEW_VERSION_MAJOR: 2
-- FindGLEW: GLEW_VERSION_MINOR: 2
-- FindGLEW: GLEW_VERSION_MICRO: 0
-- FindGLEW: GLEW_VERSION: 2.2.0
-- FindGLEW: Creating GLEW::glew imported target.
-- FindGLEW: Creating GLEW::GLEW imported target.
-- Configuring incomplete, errors occurred!
See also "/home/jk/ros2_test/src/build/sibr_projects/CMakeFiles/CMakeOutput.log".
